[    0.000000] Linux version 4.15.0-126-generic (buildd@lcy01-amd64-024) (gcc version 7.5.0 (Ubuntu 7.5.0-3ubuntu1~18.04)) #129-Ubuntu SMP Mon Nov 23 18:53:38 UTC 2020 (Ubuntu 4.15.0-126.129-generic 4.15.18)
[    0.000000] Command line: BOOT_IMAGE=/boot/vmlinuz-4.15.0-126-generic root=UUID=d2c19aaf-d33b-49cb-84af-045694514743 ro console=tty1 console=ttyS0
[    0.000000] KERNEL supported cpus:
[    0.000000]   Intel GenuineIntel
[    0.000000]   AMD AuthenticAMD
[    0.000000]   Centaur CentaurHauls
[    0.000000] x86/fpu: Supporting XSAVE feature 0x001: 'x87 floating point registers'
[    0.000000] x86/fpu: Supporting XSAVE feature 0x002: 'SSE registers'
[    0.000000] x86/fpu: Supporting XSAVE feature 0x004: 'AVX registers'
[    0.000000] x86/fpu: xstate_offset[2]:  576, xstate_sizes[2]:  256
[    0.000000] x86/fpu: Enabled xstate features 0x7, context size is 832 bytes, using 'standard' format.
[    0.000000] e820: BIOS-provided physical RAM map:
[    0.000000] BIOS-e820: [mem 0x0000000000000000-0x000000000009fbff] usable
[    0.000000] BIOS-e820: [mem 0x000000000009fc00-0x000000000009ffff] reserved
[    0.000000] BIOS-e820: [mem 0x00000000000f0000-0x00000000000fffff] reserved
[    0.000000] BIOS-e820: [mem 0x0000000000100000-0x000000003ffeffff] usable
[    0.000000] BIOS-e820: [mem 0x000000003fff0000-0x000000003fffffff] ACPI data
[    0.000000] BIOS-e820: [mem 0x00000000fec00000-0x00000000fec00fff] reserved
[    0.000000] BIOS-e820: [mem 0x00000000fee00000-0x00000000fee00fff] reserved
[    0.000000] BIOS-e820: [mem 0x00000000fffc0000-0x00000000ffffffff] reserved
[    0.000000] NX (Execute Disable) protection: active
[    0.000000] SMBIOS 2.5 present.
[    0.000000] DMI: innotek GmbH VirtualBox/VirtualBox, BIOS VirtualBox 12/01/2006
[    0.000000] Hypervisor detected: KVM
[    0.000000] e820: last_pfn = 0x3fff0 max_arch_pfn = 0x400000000
[    0.000000] MTRR: Disabled
[    0.000000] x86/PAT: MTRRs disabled, skipping PAT initialization too.
[    0.000000] CPU MTRRs all blank - virtualized system.
[    0.000000] x86/PAT: Configuration [0-7]: WB  WT  UC- UC  WB  WT  UC- UC  
[    0.000000] found SMP MP-table at [mem 0x0009fff0-0x0009ffff]
[    0.000000] Scanning 1 areas for low memory corruption
[    0.000000] RAMDISK: [mem 0x35957000-0x36ca2fff]
[    0.000000] ACPI: Early table checksum verification disabled
[    0.000000] ACPI: RSDP 0x00000000000E0000 000024 (v02 VBOX  )
[    0.000000] ACPI: XSDT 0x000000003FFF0030 00003C (v01 VBOX   VBOXXSDT 00000001 ASL  00000061)
[    0.000000] ACPI: FACP 0x000000003FFF00F0 0000F4 (v04 VBOX   VBOXFACP 00000001 ASL  00000061)
[    0.000000] ACPI: DSDT 0x000000003FFF0470 002325 (v02 VBOX   VBOXBIOS 00000002 INTL 20100528)
[    0.000000] ACPI: FACS 0x000000003FFF0200 000040
[    0.000000] ACPI: FACS 0x000000003FFF0200 000040
[    0.000000] ACPI: APIC 0x000000003FFF0240 00005C (v02 VBOX   VBOXAPIC 00000001 ASL  00000061)
[    0.000000] ACPI: SSDT 0x000000003FFF02A0 0001CC (v01 VBOX   VBOXCPUT 00000002 INTL 20100528)
[    0.000000] No NUMA configuration found
[    0.000000] Faking a node at [mem 0x0000000000000000-0x000000003ffeffff]
[    0.000000] NODE_DATA(0) allocated [mem 0x3ffc5000-0x3ffeffff]
[    0.000000] kvm-clock: cpu 0, msr 0:3ff44001, primary cpu clock
[    0.000000] kvm-clock: Using msrs 4b564d01 and 4b564d00
[    0.000000] kvm-clock: using sched offset of 6694146301 cycles
[    0.000000] clocksource: kvm-clock: mask: 0xffffffffffffffff max_cycles: 0x1cd42e4dffb, max_idle_ns: 881590591483 ns
[    0.000000] Zone ranges:
[    0.000000]   DMA      [mem 0x0000000000001000-0x0000000000ffffff]
[    0.000000]   DMA32    [mem 0x0000000001000000-0x000000003ffeffff]
[    0.000000]   Normal   empty
[    0.000000]   Device   empty
[    0.000000] Movable zone start for each node
[    0.000000] Early memory node ranges
[    0.000000]   node   0: [mem 0x0000000000001000-0x000000000009efff]
[    0.000000]   node   0: [mem 0x0000000000100000-0x000000003ffeffff]
[    0.000000] Reserved but unavailable: 98 pages
[    0.000000] Initmem setup node 0 [mem 0x0000000000001000-0x000000003ffeffff]
[    0.000000] ACPI: PM-Timer IO Port: 0x4008
[    0.000000] IOAPIC[0]: apic_id 2, version 32, address 0xfec00000, GSI 0-23
[    0.000000] ACPI: INT_SRC_OVR (bus 0 bus_irq 0 global_irq 2 dfl dfl)
[    0.000000] ACPI: INT_SRC_OVR (bus 0 bus_irq 9 global_irq 9 low level)
[    0.000000] Using ACPI (MADT) for SMP configuration information
[    0.000000] smpboot: Allowing 2 CPUs, 0 hotplug CPUs
[    0.000000] PM: Registered nosave memory: [mem 0x00000000-0x00000fff]
[    0.000000] PM: Registered nosave memory: [mem 0x0009f000-0x0009ffff]
[    0.000000] PM: Registered nosave memory: [mem 0x000a0000-0x000effff]
[    0.000000] PM: Registered nosave memory: [mem 0x000f0000-0x000fffff]
[    0.000000] e820: [mem 0x40000000-0xfebfffff] available for PCI devices
[    0.000000] Booting paravirtualized kernel on KVM
[    0.000000] clocksource: refined-jiffies: mask: 0xffffffff max_cycles: 0xffffffff, max_idle_ns: 7645519600211568 ns
[    0.000000] random: get_random_bytes called from start_kernel+0x99/0x500 with crng_init=0
[    0.000000] setup_percpu: NR_CPUS:8192 nr_cpumask_bits:2 nr_cpu_ids:2 nr_node_ids:1
[    0.000000] percpu: Embedded 45 pages/cpu s147456 r8192 d28672 u1048576
[    0.000000] PV qspinlock hash table entries: 256 (order: 0, 4096 bytes)
[    0.000000] Built 1 zonelists, mobility grouping on.  Total pages: 257913
[    0.000000] Policy zone: DMA32
[    0.000000] Kernel command line: BOOT_IMAGE=/boot/vmlinuz-4.15.0-126-generic root=UUID=d2c19aaf-d33b-49cb-84af-045694514743 ro console=tty1 console=ttyS0
[    0.000000] Memory: 982476K/1048120K available (12300K kernel code, 2492K rwdata, 4264K rodata, 2440K init, 2724K bss, 65644K reserved, 0K cma-reserved)
[    0.000000] SLUB: HWalign=64, Order=0-3, MinObjects=0, CPUs=2, Nodes=1
[    0.000000] Kernel/User page tables isolation: enabled
[    0.000000] ftrace: allocating 39407 entries in 154 pages
[    0.004000] Hierarchical RCU implementation.
[    0.004000] 	RCU restricting CPUs from NR_CPUS=8192 to nr_cpu_ids=2.
[    0.004000] 	Tasks RCU enabled.
[    0.004000] RCU: Adjusting geometry for rcu_fanout_leaf=16, nr_cpu_ids=2
[    0.004000] NR_IRQS: 524544, nr_irqs: 440, preallocated irqs: 16
[    0.004000] Console: colour VGA+ 80x25
[    0.004000] console [tty1] enabled
[    0.004000] console [ttyS0] enabled
[    0.004000] ACPI: Core revision 20170831
[    0.004000] ACPI: 2 ACPI AML tables successfully acquired and loaded
[    0.004000] APIC: Switch to symmetric I/O mode setup
[    0.004000] x2apic enabled
[    0.004000] Switched APIC routing to physical x2apic.
[    0.004000] ..TIMER: vector=0x30 apic1=0 pin1=2 apic2=-1 pin2=-1
[    0.004005] tsc: Detected 1991.999 MHz processor
[    0.005021] Calibrating delay loop (skipped) preset value.. 3983.99 BogoMIPS (lpj=7967996)
[    0.008003] pid_max: default: 32768 minimum: 301
[    0.009051] Security Framework initialized
[    0.009976] Yama: becoming mindful.
[    0.012024] AppArmor: AppArmor initialized
[    0.014569] Dentry cache hash table entries: 131072 (order: 8, 1048576 bytes)
[    0.016069] Inode-cache hash table entries: 65536 (order: 7, 524288 bytes)
[    0.017755] Mount-cache hash table entries: 2048 (order: 2, 16384 bytes)
[    0.019460] Mountpoint-cache hash table entries: 2048 (order: 2, 16384 bytes)
[    0.020282] Last level iTLB entries: 4KB 64, 2MB 8, 4MB 8
[    0.021478] Last level dTLB entries: 4KB 64, 2MB 0, 4MB 0, 1GB 4
[    0.024002] Spectre V1 : Mitigation: usercopy/swapgs barriers and __user pointer sanitization
[    0.025872] Spectre V2 : Mitigation: Full generic retpoline
[    0.027064] Spectre V2 : Spectre v2 / SpectreRSB mitigation: Filling RSB on context switch
[    0.028001] Speculative Store Bypass: Vulnerable
[    0.029054] SRBDS: Unknown: Dependent on hypervisor status
[    0.030256] MDS: Mitigation: Clear CPU buffers
[    0.032177] Freeing SMP alternatives memory: 36K
[    0.144106] smpboot: CPU0: Intel(R) Core(TM) i5-6360U CPU @ 2.00GHz (family: 0x6, model: 0x4e, stepping: 0x3)
[    0.148090] Performance Events: unsupported p6 CPU model 78 no PMU driver, software events only.
[    0.150464] Hierarchical SRCU implementation.
[    0.152734] NMI watchdog: Perf event create on CPU 0 failed with -2
[    0.154076] NMI watchdog: Perf NMI watchdog permanently disabled
[    0.155393] smp: Bringing up secondary CPUs ...
[    0.156085] x86: Booting SMP configuration:
[    0.157018] .... node  #0, CPUs:      #1
[    0.004000] kvm-clock: cpu 1, msr 0:3ff44041, secondary cpu clock
[    0.163049] smp: Brought up 1 node, 2 CPUs
[    0.164004] smpboot: Max logical packages: 1
[    0.165255] smpboot: Total of 2 processors activated (7967.99 BogoMIPS)
[    0.166791] devtmpfs: initialized
[    0.168055] x86/mm: Memory block size: 128MB
[    0.169147] evm: security.selinux
[    0.169904] evm: security.SMACK64
[    0.170673] evm: security.SMACK64EXEC
[    0.171550] evm: security.SMACK64TRANSMUTE
[    0.172004] evm: security.SMACK64MMAP
[    0.173094] evm: security.apparmor
[    0.174149] evm: security.ima
[    0.176003] evm: security.capability
[    0.177037] clocksource: jiffies: mask: 0xffffffff max_cycles: 0xffffffff, max_idle_ns: 7645041785100000 ns
[    0.180028] futex hash table entries: 512 (order: 3, 32768 bytes)
[    0.183459] pinctrl core: initialized pinctrl subsystem
[    0.184121] RTC time: 18:53:24, date: 12/18/20
[    0.188185] NET: Registered protocol family 16
[    0.189651] audit: initializing netlink subsys (disabled)
[    0.191104] audit: type=2000 audit(1608317612.387:1): state=initialized audit_enabled=0 res=1
[    0.192026] cpuidle: using governor ladder
[    0.193245] cpuidle: using governor menu
[    0.196071] ACPI: bus type PCI registered
[    0.197306] acpiphp: ACPI Hot Plug PCI Controller Driver version: 0.5
[    0.200184] PCI: Using configuration type 1 for base access
[    0.204039] HugeTLB registered 2.00 MiB page size, pre-allocated 0 pages
[    0.206074] ACPI: Added _OSI(Module Device)
[    0.208009] ACPI: Added _OSI(Processor Device)
[    0.209960] ACPI: Added _OSI(3.0 _SCP Extensions)
[    0.212007] ACPI: Added _OSI(Processor Aggregator Device)
[    0.214019] ACPI: Added _OSI(Linux-Dell-Video)
[    0.215748] ACPI: Added _OSI(Linux-Lenovo-NV-HDMI-Audio)
[    0.216009] ACPI: Added _OSI(Linux-HPI-Hybrid-Graphics)
[    0.220804] ACPI: Executed 1 blocks of module-level executable AML code
[    0.230864] ACPI: Interpreter enabled
[    0.232022] ACPI: (supports S0 S5)
[    0.233463] ACPI: Using IOAPIC for interrupt routing
[    0.236560] PCI: Using host bridge windows from ACPI; if necessary, use "pci=nocrs" and report a bug
[    0.240407] ACPI: Enabled 2 GPEs in block 00 to 07
[    0.256619] ACPI: PCI Root Bridge [PCI0] (domain 0000 [bus 00-ff])
[    0.259233] acpi PNP0A03:00: _OSC: OS supports [ASPM ClockPM Segments MSI]
[    0.260965] acpi PNP0A03:00: _OSC: not requesting OS control; OS requires [ExtendedConfig ASPM ClockPM MSI]
[    0.264066] acpi PNP0A03:00: fail to add MMCONFIG information, can't access extended PCI configuration space under this bridge.
[    0.272246] PCI host bridge to bus 0000:00
[    0.274246] pci_bus 0000:00: root bus resource [io  0x0000-0x0cf7 window]
[    0.276009] pci_bus 0000:00: root bus resource [io  0x0d00-0xffff window]
[    0.278509] pci_bus 0000:00: root bus resource [mem 0x000a0000-0x000bffff window]
[    0.280011] pci_bus 0000:00: root bus resource [mem 0x40000000-0xfdffffff window]
[    0.284011] pci_bus 0000:00: root bus resource [bus 00-ff]
[    0.290977] pci 0000:00:01.1: legacy IDE quirk: reg 0x10: [io  0x01f0-0x01f7]
[    0.292009] pci 0000:00:01.1: legacy IDE quirk: reg 0x14: [io  0x03f6]
[    0.293637] pci 0000:00:01.1: legacy IDE quirk: reg 0x18: [io  0x0170-0x0177]
[    0.296007] pci 0000:00:01.1: legacy IDE quirk: reg 0x1c: [io  0x0376]
[    0.321935] pci 0000:00:07.0: quirk: [io  0x4000-0x403f] claimed by PIIX4 ACPI
[    0.323663] pci 0000:00:07.0: quirk: [io  0x4100-0x410f] claimed by PIIX4 SMB
[    0.333474] ACPI: PCI Interrupt Link [LNKA] (IRQs 5 9 10 *11)
[    0.335393] ACPI: PCI Interrupt Link [LNKB] (IRQs 5 9 *10 11)
[    0.336140] ACPI: PCI Interrupt Link [LNKC] (IRQs 5 *9 10 11)
[    0.337520] ACPI: PCI Interrupt Link [LNKD] (IRQs 5 9 10 *11)
[    0.340467] SCSI subsystem initialized
[    0.341368] pci 0000:00:02.0: vgaarb: setting as boot VGA device
[    0.341368] pci 0000:00:02.0: vgaarb: VGA device added: decodes=io+mem,owns=io+mem,locks=none
[    0.344010] pci 0000:00:02.0: vgaarb: bridge control possible
[    0.345280] vgaarb: loaded
[    0.345942] ACPI: bus type USB registered
[    0.346879] usbcore: registered new interface driver usbfs
[    0.348013] usbcore: registered new interface driver hub
[    0.349321] usbcore: registered new device driver usb
[    0.352099] EDAC MC: Ver: 3.0.0
[    0.353140] PCI: Using ACPI for IRQ routing
[    0.353686] NetLabel: Initializing
[    0.353686] NetLabel:  domain hash size = 128
[    0.356003] NetLabel:  protocols = UNLABELED CIPSOv4 CALIPSO
[    0.356003] NetLabel:  unlabeled traffic allowed by default
[    0.360159] clocksource: Switched to clocksource kvm-clock
[    0.376142] VFS: Disk quotas dquot_6.6.0
[    0.377236] VFS: Dquot-cache hash table entries: 512 (order 0, 4096 bytes)
[    0.379150] AppArmor: AppArmor Filesystem Enabled
[    0.380875] pnp: PnP ACPI init
[    0.383068] pnp: PnP ACPI: found 3 devices
[    0.389902] clocksource: acpi_pm: mask: 0xffffff max_cycles: 0xffffff, max_idle_ns: 2085701024 ns
[    0.393079] NET: Registered protocol family 2
[    0.394768] TCP established hash table entries: 8192 (order: 4, 65536 bytes)
[    0.396289] TCP bind hash table entries: 8192 (order: 5, 131072 bytes)
[    0.399204] TCP: Hash tables configured (established 8192 bind 8192)
[    0.404716] UDP hash table entries: 512 (order: 2, 16384 bytes)
[    0.406686] UDP-Lite hash table entries: 512 (order: 2, 16384 bytes)
[    0.408725] NET: Registered protocol family 1
[    0.410254] pci 0000:00:00.0: Limiting direct PCI/PCI transfers
[    0.411979] pci 0000:00:01.0: Activating ISA DMA hang workarounds
[    0.413406] pci 0000:00:02.0: Video device with shadowed ROM at [mem 0x000c0000-0x000dffff]
[    0.415425] Unpacking initramfs...
[    0.732421] Freeing initrd memory: 19760K
[    0.734961] clocksource: tsc: mask: 0xffffffffffffffff max_cycles: 0x396d4ffc055, max_idle_ns: 881590662783 ns
[    0.737555] platform rtc_cmos: registered platform RTC device (no PNP device found)
[    0.739239] Scanning for low memory corruption every 60 seconds
[    0.741729] Initialise system trusted keyrings
[    0.742849] Key type blacklist registered
[    0.743837] workingset: timestamp_bits=36 max_order=18 bucket_order=0
[    0.746193] zbud: loaded
[    0.747339] squashfs: version 4.0 (2009/01/31) Phillip Lougher
[    0.749487] fuse init (API version 7.26)
[    0.753079] Key type asymmetric registered
[    0.754425] Asymmetric key parser 'x509' registered
[    0.755524] Block layer SCSI generic (bsg) driver version 0.4 loaded (major 246)
[    0.757280] io scheduler noop registered
[    0.758636] io scheduler deadline registered
[    0.760037] io scheduler cfq registered (default)
[    0.761721] ACPI: AC Adapter [AC] (off-line)
[    0.763220] input: Power Button as /devices/LNXSYSTM:00/LNXPWRBN:00/input/input0
[    0.764962] ACPI: Power Button [PWRF]
[    0.766306] input: Sleep Button as /devices/LNXSYSTM:00/LNXSLPBN:00/input/input1
[    0.768129] ACPI: Sleep Button [SLPF]
[    0.769394] Serial: 8250/16550 driver, 32 ports, IRQ sharing enabled
[    0.770709] ACPI: Battery Slot [BAT0] (battery present)
[    0.793319] 00:02: ttyS0 at I/O 0x3f8 (irq = 4, base_baud = 115200) is a 16550A
[    0.796929] Linux agpgart interface v0.103
[    0.800726] loop: module loaded
[    0.802645] scsi host0: ata_piix
[    0.804136] scsi host1: ata_piix
[    0.804962] ata1: PATA max UDMA/33 cmd 0x1f0 ctl 0x3f6 bmdma 0xd000 irq 14
[    0.806419] ata2: PATA max UDMA/33 cmd 0x170 ctl 0x376 bmdma 0xd008 irq 15
[    0.808608] libphy: Fixed MDIO Bus: probed
[    0.810098] tun: Universal TUN/TAP device driver, 1.6
[    0.811289] PPP generic driver version 2.4.2
[    0.812307] ehci_hcd: USB 2.0 'Enhanced' Host Controller (EHCI) Driver
[    0.813722] ehci-pci: EHCI PCI platform driver
[    0.814747] ehci-platform: EHCI generic platform driver
[    0.815897] ohci_hcd: USB 1.1 'Open' Host Controller (OHCI) Driver
[    0.817299] ohci-pci: OHCI PCI platform driver
[    0.818334] ohci-platform: OHCI generic platform driver
[    0.819484] uhci_hcd: USB Universal Host Controller Interface driver
[    0.820921] i8042: PNP: PS/2 Controller [PNP0303:PS2K,PNP0f03:PS2M] at 0x60,0x64 irq 1,12
[    0.823217] serio: i8042 KBD port at 0x60,0x64 irq 1
[    0.824877] serio: i8042 AUX port at 0x60,0x64 irq 12
[    0.826217] mousedev: PS/2 mouse device common for all mice
[    0.827667] input: AT Translated Set 2 keyboard as /devices/platform/i8042/serio0/input/input2
[    0.830008] rtc_cmos rtc_cmos: rtc core: registered rtc_cmos as rtc0
[    0.831996] rtc_cmos rtc_cmos: alarms up to one day, 114 bytes nvram
[    0.833384] i2c /dev entries driver
[    0.834228] device-mapper: uevent: version 1.0.3
[    0.835294] device-mapper: ioctl: 4.37.0-ioctl (2017-09-20) initialised: dm-devel@redhat.com
[    0.837777] ledtrig-cpu: registered to indicate activity on CPUs
[    0.840430] NET: Registered protocol family 10
[    0.845756] Segment Routing with IPv6
[    0.846933] NET: Registered protocol family 17
[    0.848543] Key type dns_resolver registered
[    0.849831] mce: Using 0 MCE banks
[    0.850914] RAS: Correctable Errors collector initialized.
[    0.852316] sched_clock: Marking stable (852284680, 0)->(1030909123, -178624443)
[    0.854424] registered taskstats version 1
[    0.855351] Loading compiled-in X.509 certificates
[    0.859026] Loaded X.509 cert 'Build time autogenerated kernel key: 24b6ce7d986f3307b9608c2edd0b61d009859433'
[    0.861801] zswap: loaded using pool lzo/zbud
[    0.866433] Key type big_key registered
[    0.867621] Key type trusted registered
[    0.870617] Key type encrypted registered
[    0.873675] AppArmor: AppArmor sha1 policy hashing enabled
[    0.876469] ima: No TPM chip found, activating TPM-bypass! (rc=-19)
[    0.878114] ima: Allocated hash algorithm: sha1
[    0.879120] evm: HMAC attrs: 0x1
[    0.880424]   Magic number: 0:639:898
[    0.881628] rtc_cmos rtc_cmos: setting system clock to 2020-12-18 18:53:24 UTC (1608317604)
[    0.884186] BIOS EDD facility v0.16 2004-Jun-25, 0 devices found
[    0.885616] EDD information not available.
[    0.994798] Freeing unused kernel image memory: 2440K
[    1.008786] Write protecting the kernel read-only data: 20480k
[    1.011393] Freeing unused kernel image memory: 2008K
[    1.012880] Freeing unused kernel image memory: 1880K
[    1.021550] x86/mm: Checked W+X mappings: passed, no W+X pages found.
[    1.023449] x86/mm: Checking user space page tables
[    1.031250] x86/mm: Checked W+X mappings: passed, no W+X pages found.
Loading, please wait...
starting version 237
[    1.104794] Fusion MPT base driver 3.04.20
[    1.105797] Copyright (c) 1999-2008 LSI Corporation
[    1.115761] Fusion MPT SPI Host driver 3.04.20
[    1.135581] e1000: Intel(R) PRO/1000 Network Driver - version 7.3.21-k8-NAPI
[    1.137256] e1000: Copyright (c) 1999-2006 Intel Corporation.
[    1.139791] AVX2 version of gcm_enc/dec engaged.
[    1.141213] AES CTR mode by8 optimization enabled
[    1.145607] mptbase: ioc0: Initiating bringup
[    1.391384] input: ImExPS/2 Generic Explorer Mouse as /devices/platform/i8042/serio1/input/input4
[    1.392301] ioc0: LSI53C1030 A0: Capabilities={Initiator}
[    6.031363] scsi host2: ioc0: LSI53C1030 A0, FwRev=00000000h, Ports=1, MaxQ=256, IRQ=20
[    9.129805] scsi 2:0:0:0: Direct-Access     VBOX     HARDDISK         1.0  PQ: 0 ANSI: 5
[   11.077338] scsi target2:0:0: Beginning Domain Validation
[   11.135203] scsi target2:0:0: Domain Validation skipping write tests
[   11.137053] scsi target2:0:0: Ending Domain Validation
[   11.148738] scsi target2:0:0: asynchronous
[   11.152823] scsi 2:0:1:0: Direct-Access     VBOX     HARDDISK         1.0  PQ: 0 ANSI: 5
[   11.448196] scsi target2:0:1: Beginning Domain Validation
[   11.452388] random: fast init done
[   11.454702] scsi target2:0:1: Domain Validation skipping write tests
[   11.457371] scsi target2:0:1: Ending Domain Validation
[   11.460714] scsi target2:0:1: asynchronous
[   11.472009] sd 2:0:0:0: Attached scsi generic sg0 type 0
[   11.472097] random: systemd-udevd: uninitialized urandom read (16 bytes read)
[   11.475976] sd 2:0:1:0: Attached scsi generic sg1 type 0
[   11.485830] sd 2:0:0:0: [sda] 20971520 512-byte logical blocks: (10.7 GB/10.0 GiB)
[   11.488172] sd 2:0:1:0: [sdb] 20480 512-byte logical blocks: (10.5 MB/10.0 MiB)
[   11.490790] sd 2:0:0:0: [sda] Write Protect is off
[   11.492342] sd 2:0:1:0: [sdb] Write Protect is off
[   11.494131] sd 2:0:0:0: [sda] Incomplete mode parameter data
[   11.495988] sd 2:0:0:0: [sda] Assuming drive cache: write through
[   11.498554] e1000 0000:00:03.0 eth0: (PCI:33MHz:32-bit) 02:a6:ac:a9:9a:f4
[   11.503778] random: systemd-udevd: uninitialized urandom read (16 bytes read)
[   11.505921] e1000 0000:00:03.0 eth0: Intel(R) PRO/1000 Network Connection
[   11.508135] sd 2:0:1:0: [sdb] Incomplete mode parameter data
[   11.513526] sd 2:0:1:0: [sdb] Assuming drive cache: write through
[   11.515576] random: systemd-udevd: uninitialized urandom read (16 bytes read)
[   11.518964]  sda: sda1
[   11.519936] sd 2:0:1:0: [sdb] Attached SCSI disk
[   11.522841] sd 2:0:0:0: [sda] Attached SCSI disk
[   11.523619] e1000 0000:00:03.0 enp0s3: renamed from eth0
Begin: Loading essential drivers ... [   13.028110] raid6: sse2x1   gen()  9349 MB/s
[   13.076041] raid6: sse2x1   xor()  6715 MB/s
[   13.124199] raid6: sse2x2   gen() 11784 MB/s
[   13.172358] raid6: sse2x2   xor()  8167 MB/s
[   13.220060] raid6: sse2x4   gen() 13347 MB/s
[   13.268364] raid6: sse2x4   xor()  8424 MB/s
[   13.316209] raid6: avx2x1   gen() 18628 MB/s
[   13.364225] raid6: avx2x1   xor() 13787 MB/s
[   13.412044] raid6: avx2x2   gen() 21240 MB/s
[   13.460264] raid6: avx2x2   xor() 14110 MB/s
[   13.508603] raid6: avx2x4   gen() 26047 MB/s
[   13.556035] raid6: avx2x4   xor() 16425 MB/s
[   13.557382] raid6: using algorithm avx2x4 gen() 26047 MB/s
[   13.558852] raid6: .... xor() 16425 MB/s, rmw enabled
[   13.561138] raid6: using avx2x2 recovery algorithm
[   13.564265] xor: automatically using best checksumming function   avx       
[   13.567604] async_tx: api initialized (async)
done.
Begin: Running /scripts/init-premount ... done.
Begin: Mounting root file system ... Begin: Running /scripts/local-top ... done.
Begin: Running /scripts/local-premount ... [   13.622222] Btrfs loaded, crc32c=crc32c-intel
Scanning for Btrfs filesystems
done.
Warning: fsck not present, so skipping root file system
[   13.668040] EXT4-fs (sda1): INFO: recovery required on readonly filesystem
[   13.670853] EXT4-fs (sda1): write access will be enabled during recovery
[   13.860305] EXT4-fs (sda1): recovery complete
[   13.862280] EXT4-fs (sda1): mounted filesystem with ordered data mode. Opts: (null)
done.
Begin: Running /scripts/local-bottom ... done.
Begin: Running /scripts/init-bottom ... done.
[   14.621794] ip_tables: (C) 2000-2006 Netfilter Core Team
[   14.656229] systemd[1]: systemd 237 running in system mode. (+PAM +AUDIT +SELINUX +IMA +APPARMOR +SMACK +SYSVINIT +UTMP +LIBCRYPTSETUP +GCRYPT +GNUTLS +ACL +XZ +LZ4 +SECCOMP +BLKID +ELFUTILS +KMOD -IDN2 +IDN -PCRE2 default-hierarchy=hybrid)
[   14.663106] systemd[1]: Detected virtualization oracle.
[   14.664772] systemd[1]: Detected architecture x86-64.

Welcome to [1mUbuntu 18.04.5 LTS[0m!

[   14.685153] systemd[1]: Set hostname to <ubuntu-bionic>.
[   15.046612] random: crng init done
[   15.048686] random: 7 urandom warning(s) missed due to ratelimiting
[   16.530969] systemd[1]: Set up automount Arbitrary Executable File Formats File System Automount Point.
[[0;32m  OK  [0m] Set up automount Arbitrary Executab…rmats File System Automount Point.
[   16.535324] systemd[1]: Reached target Swap.
[[0;32m  OK  [0m] Reached target Swap.
[   16.537206] systemd[1]: Reached target User and Group Name Lookups.
[[0;32m  OK  [0m] Reached target User and Group Name Lookups.
[   16.542788] systemd[1]: Created slice System Slice.
[[0;32m  OK  [0m] Created slice System Slice.
[   16.545453] systemd[1]: Created slice system-postgresql.slice.
[[0;32m  OK  [0m] Created slice system-postgresql.slice.
[   16.547949] systemd[1]: Listening on /dev/initctl Compatibility Named Pipe.
[[0;32m  OK  [0m] Listening on /dev/initctl Compatibility Named Pipe.
[[0;32m  OK  [0m] Listening on udev Kernel Socket.
[[0;32m  OK  [0m] Listening on Journal Socket.
         Starting Set the console keyboard layout...
[[0;32m  OK  [0m] Listening on LVM2 metadata daemon socket.
         Mounting Kernel Debug File System...
[[0;32m  OK  [0m] Created slice User and Session Slice.
[[0;32m  OK  [0m] Reached target Slices.
[[0;32m  OK  [0m] Listening on Journal Socket (/dev/log).
         Starting Load Kernel Modules...
         Starting Uncomplicated firewall...
[[0;32m  OK  [0m] Listening on Syslog Socket.
         Mounting POSIX Message Queue File System...
[[0;32m  OK  [0m] Listening on udev Control Socket.
         Starting udev Coldplug all Devices...
[   16.701283] Loading iSCSI transport class v2.0-870.
[[0;32m  OK  [0m] Started Forward Password Requests to Wall Directory Watch.
[[0;32m  OK  [0m] Listening on Device-mapper event daemon FIFOs.
         Mounting Huge Pages File System...
[[0;32m  OK  [0m] Listening on Journal Audit Socket.
         Starting Journal Service...
[[0;32m  OK  [0m] Listening on Network Service Netlink Socket.
[[0;32m  OK  [0m] Listening on LVM2 poll daemon socket.
[[0;32m  OK  [0m] Reached target System Time Synchronized.
         Starting Create list of required st…ce nodes for the current kernel...
         Starting Monitoring of LVM2 mirrors…ng dmeventd or progress polling...
         Starting Remount Root and Kernel File Systems...
[[0;32m  OK  [0m] Created slice system-serial\x2dgetty.slice.
[[0;32m  OK  [0m] Mounted Kernel Debug File System.
[[0;32m  OK  [0m] Started Uncomplicated firewall.
[[0;32m  OK  [0m] Mounted POSIX Message Queue File System.
[[0;32m  OK  [0m] Mounted Huge Pages File System.
[[0;32m  OK  [0m] Started Create list of required sta…vice nodes for the current kernel.
         Starting Create Static Device Nodes in /dev...
[[0;32m  OK  [0m] Started udev Coldplug all Devices.
[   16.853239] iscsi: registered transport (tcp)
[   16.904295] iscsi: registered transport (iser)
[[0;32m  OK  [0m] Started Load Kernel Modules.
         Mounting Kernel Configuration File System...
         Mounting FUSE Control File System...
         Starting Apply Kernel Variables...
[[0;32m  OK  [0m] Mounted FUSE Control File System.
[[0;32m  OK  [0m] Mounted Kernel Configuration File System.
[[0;32m  OK  [0m] Started Journal Service.
[   17.002532] EXT4-fs (sda1): re-mounted. Opts: (null)
[[0;32m  OK  [0m] Started Create Static Device Nodes in /dev.
[[0;32m  OK  [0m] Started Remount Root and Kernel File Systems.
         Starting Flush Journal to Persistent Storage...
         Starting Load/Save Random Seed...
         Starting udev Kernel Device Manager...
[[0;32m  OK  [0m] Started LVM2 metadata daemon.
[[0;32m  OK  [0m] Started Load/Save Random Seed.
[[0;32m  OK  [0m] Started Apply Kernel Variables.
[[0;32m  OK  [0m] Started Monitoring of LVM2 mirrors,…sing dmeventd or progress polling.
[[0;32m  OK  [0m] Started udev Kernel Device Manager.
[[0;32m  OK  [0m] Started Flush Journal to Persistent Storage.
[[0;32m  OK  [0m] Found device /dev/ttyS0.
[[0;32m  OK  [0m] Listening on Load/Save RF Kill Switch Status /dev/rfkill Watch.
[[0;32m  OK  [0m] Started Set the console keyboard layout.
[[0;32m  OK  [0m] Started Dispatch Password Requests to Console Directory Watch.
[[0;32m  OK  [0m] Reached target Local Encrypted Volumes.
[[0;32m  OK  [0m] Reached target Local File Systems (Pre).
         Mounting Mount unit for core, revision 10444...
[[0;32m  OK  [0m] Reached target Local File Systems.
         Starting AppArmor initialization...
         Starting Set console font and keymap...
         Starting Create Volatile Files and Directories...
         Starting ebtables ruleset management...
         Starting Tell Plymouth To Write Out Runtime Data...
         Mounting /CIS-196...
         Mounting Mount unit for heroku, revision 4017...
         Mounting Mount unit for heroku, revision 4010...
         Mounting Mount unit for core, revision 10577...
[[0;32m  OK  [0m] Started Set console font and keymap.
[[0;32m  OK  [0m] Started Create Volatile Files and Directories.
[[0;32m  OK  [0m] Started Tell Plymouth To Write Out Runtime Data.
         Starting Update UTMP about System Boot/Shutdown...
[[0;32m  OK  [0m] Mounted /CIS-196.
[[0;32m  OK  [0m] Mounted Mount unit for core, revision 10444.
[[0;32m  OK  [0m] Mounted Mount unit for heroku, revision 4017.
[[0;32m  OK  [0m] Mounted Mount unit for heroku, revision 4010.
[[0;32m  OK  [0m] Mounted Mount unit for core, revision 10577.
[[0;32m  OK  [0m] Started Update UTMP about System Boot/Shutdown.
[[0;32m  OK  [0m] Started ebtables ruleset management.
[[0;32m  OK  [0m] Started AppArmor initialization.
         Starting Load AppArmor profiles managed internally by snapd...
         Starting Initial cloud-init job (pre-networking)...
[[0;32m  OK  [0m] Started Load AppArmor profiles managed internally by snapd.
[   21.117680] cloud-init[707]: Cloud-init v. 20.3-2-g371b392c-0ubuntu1~18.04.1 running 'init-local' at Fri, 18 Dec 2020 18:53:44 +0000. Up 20.85 seconds.
[[0;32m  OK  [0m] Started Initial cloud-init job (pre-networking).
[[0;32m  OK  [0m] Reached target Network (Pre).
         Starting Network Service...
[[0;32m  OK  [0m] Started Network Service.
         Starting Wait for Network to be Configured...
         Starting Network Name Resolution...
[[0;32m  OK  [0m] Started Network Name Resolution.
[[0;32m  OK  [0m] Reached target Host and Network Name Lookups.
[[0;32m  OK  [0m] Reached target Network.
[[0;32m  OK  [0m] Started Wait for Network to be Configured.
         Starting Initial cloud-init job (metadata service crawler)...
[   23.514368] cloud-init[824]: Cloud-init v. 20.3-2-g371b392c-0ubuntu1~18.04.1 running 'init' at Fri, 18 Dec 2020 18:53:46 +0000. Up 23.37 seconds.
[   23.519089] cloud-init[824]: ci-info: ++++++++++++++++++++++++++++++++++++++Net device info++++++++++++++++++++++++++++++++++++++
[   23.522611] cloud-init[824]: ci-info: +--------+------+----------------------------+---------------+--------+-------------------+
[   23.526485] cloud-init[824]: ci-info: | Device |  Up  |          Address           |      Mask     | Scope  |     Hw-Address    |
[   23.530790] cloud-init[824]: ci-info: +--------+------+----------------------------+---------------+--------+-------------------+
[   23.548970] cloud-init[824]: ci-info: | enp0s3 | True |         10.0.2.15          | 255.255.255.0 | global | 02:a6:ac:a9:9a:f4 |
[   23.561168] cloud-init[824]: ci-info: | enp0s3 | True | fe80::a6:acff:fea9:9af4/64 |       .       |  link  | 02:a6:ac:a9:9a:f4 |
[   23.564846] cloud-init[824]: ci-info: |   lo   | True |         127.0.0.1          |   255.0.0.0   |  host  |         .         |
[   23.567653] cloud-init[824]: ci-info: |   lo   | True |          ::1/128           |       .       |  host  |         .         |
[   23.571244] cloud-init[824]: ci-info: +--------+------+----------------------------+---------------+--------+-------------------+
[   23.586099] cloud-init[824]: ci-info: ++++++++++++++++++++++++++++Route IPv4 info+++++++++++++++++++++++++++++
[   23.588905] cloud-init[824]: ci-info: +-------+-------------+----------+-----------------+-----------+-------+
[   23.590951] cloud-init[824]: ci-info: | Route | Destination | Gateway  |     Genmask     | Interface | Flags |
[   23.592457] cloud-init[824]: ci-info: +-------+-------------+----------+-----------------+-----------+-------+
[   23.595221] cloud-init[824]: ci-info: |   0   |   0.0.0.0   | 10.0.2.2 |     0.0.0.0     |   enp0s3  |   UG  |
[   23.597600] cloud-init[824]: ci-info: |   1   |   10.0.2.0  | 0.0.0.0  |  255.255.255.0  |   enp0s3  |   U   |
[   23.599781] cloud-init[824]: ci-info: |   2   |   10.0.2.2  | 0.0.0.0  | 255.255.255.255 |   enp0s3  |   UH  |
[   23.602218] cloud-init[824]: ci-info: +-------+-------------+----------+-----------------+-----------+-------+
[   23.604662] cloud-init[824]: ci-info: +++++++++++++++++++Route IPv6 info+++++++++++++++++++
[   23.607001] cloud-init[824]: ci-info: +-------+-------------+---------+-----------+-------+
[   23.620744] cloud-init[824]: ci-info: | Route | Destination | Gateway | Interface | Flags |
[   23.633024] cloud-init[824]: ci-info: +-------+-------------+---------+-----------+-------+
[   23.644774] cloud-init[824]: ci-info: |   1   |  fe80::/64  |    ::   |   enp0s3  |   U   |
[   23.656409] cloud-init[824]: ci-info: |   3   |    local    |    ::   |   enp0s3  |   U   |
[   23.668794] cloud-init[824]: ci-info: |   4   |   ff00::/8  |    ::   |   enp0s3  |   U   |
[   23.670300] cloud-init[824]: ci-info: +-------+-------------+---------+-----------+-------+
[[0;32m  OK  [0m] Started Initial cloud-init job (metadata service crawler).
[[0;32m  OK  [0m] Reached target Network is Online.
         Starting Availability of block devices...
[[0;32m  OK  [0m] Reached target Remote File Systems (Pre).
[[0;32m  OK  [0m] Reached target Remote File Systems.
[[0;32m  OK  [0m] Reached target Cloud-config availability.
[[0;32m  OK  [0m] Reached target System Initialization.
         Starting LXD - unix socket.
[[0;32m  OK  [0m] Started Message of the Day.
[[0;32m  OK  [0m] Listening on Open-iSCSI iscsid Socket.
[[0;32m  OK  [0m] Started Discard unused blocks once a week.
[[0;32m  OK  [0m] Started Daily apt download activities.
[[0;32m  OK  [0m] Started Daily apt upgrade and clean activities.
[[0;32m  OK  [0m] Listening on ACPID Listen Socket.
[[0;32m  OK  [0m] Listening on UUID daemon activation socket.
[[0;32m  OK  [0m] Started ACPI Events Check.
[[0;32m  OK  [0m] Started Daily Cleanup of Temporary Directories.
         Starting Socket activation for snappy daemon.
[[0;32m  OK  [0m] Listening on D-Bus System Message Bus Socket.
[[0;32m  OK  [0m] Reached target Paths.
[[0;32m  OK  [0m] Reached target Timers.
[[0;32m  OK  [0m] Listening on LXD - unix socket.
[[0;32m  OK  [0m] Listening on Socket activation for snappy daemon.
[[0;32m  OK  [0m] Started Availability of block devices.
[[0;32m  OK  [0m] Reached target Sockets.
[[0;32m  OK  [0m] Reached target Basic System.
[[0;32m  OK  [0m] Started Regular background program processing daemon.
         Starting Dispatcher daemon for systemd-networkd...
         Starting PostgreSQL Cluster 10-main...
[[0;32m  OK  [0m] Started FUSE filesystem for LXC.
[[0;32m  OK  [0m] Started irqbalance daemon.
         Starting Permit User Sessions...
         Starting Resets System Activity Data Collector...
         Starting System Logging Service...
         Starting LXD - container startup/shutdown...
         Starting Login Service...
         Starting Virtualbox guest utils...
[[0;32m  OK  [0m] Started Deferred execution scheduler.
         Starting OpenBSD Secure Shell server...
         Starting LSB: automatic crash report generation...
         Starting Accounts Service...
[[0;32m  OK  [0m] Started D-Bus System Message Bus.
         Starting Snap Daemon...
         Starting LSB: Record successful boot for GRUB...
[[0;32m  OK  [0m] Started System Logging Service.
[[0;32m  OK  [0m] Started Permit User Sessions.
[[0;32m  OK  [0m] Started Resets System Activity Data Collector.
[[0;32m  OK  [0m] Started Login Service.
         Starting Authorization Manager...
[[0;32m  OK  [0m] Started Unattended Upgrades Shutdown.
         Starting Hold until boot process finishes up...
         Starting Terminate Plymouth Boot Screen...
[[0;32m  OK  [0m] Started Hold until boot process finishes up.
[[0;32m  OK  [0m] Started Serial Getty on ttyS0.
         Starting Set console scheme...
[[0;32m  OK  [0m] Started Terminate Plymouth Boot Screen.
[[0;32m  OK  [0m] Started LSB: automatic crash report generation.
[[0;32m  OK  [0m] Started Set console scheme.
[[0;32m  OK  [0m] Created slice system-getty.slice.
[[0;32m  OK  [0m] Started Getty on tty1.
[[0;32m  OK  [0m] Reached target Login Prompts.
[[0;32m  OK  [0m] Started OpenBSD Secure Shell server.
[[0;32m  OK  [0m] Started Authorization Manager.
[[0;32m  OK  [0m] Started Accounts Service.
[[0;32m  OK  [0m] Started Virtualbox guest utils.
[[0;32m  OK  [0m] Started LSB: Record successful boot for GRUB.
[[0;32m  OK  [0m] Created slice User Slice of vagrant.
         Starting User Manager for UID 1000...
[[0;32m  OK  [0m] Started Session 1 of user vagrant.
[[0;32m  OK  [0m] Started Dispatcher daemon for systemd-networkd.
[[0;32m  OK  [0m] Started User Manager for UID 1000.
[[0;32m  OK  [0m] Started LXD - container startup/shutdown.

Ubuntu 18.04.5 LTS ubuntu-bionic ttyS0

ubuntu-bionic login: [   31.982003] cloud-init[1476]: Cloud-init v. 20.3-2-g371b392c-0ubuntu1~18.04.1 running 'modules:config' at Fri, 18 Dec 2020 18:53:55 +0000. Up 31.82 seconds.
[   32.704541] cloud-init[1704]: Cloud-init v. 20.3-2-g371b392c-0ubuntu1~18.04.1 running 'modules:final' at Fri, 18 Dec 2020 18:53:56 +0000. Up 32.58 seconds.
[   32.708470] cloud-init[1704]: Cloud-init v. 20.3-2-g371b392c-0ubuntu1~18.04.1 finished at Fri, 18 Dec 2020 18:53:56 +0000. Datasource DataSourceNoCloud [seed=/dev/sdb][dsmode=net].  Up 32.69 seconds
         Unmounting /CIS-196...
[[0;32m  OK  [0m] Stopped target Graphical Interface.
         Stopping Session 4 of user vagrant.
         Stopping Availability of block devices...
         Stopping Accounts Service...
[[0;32m  OK  [0m] Stopped target Cloud-init target.
[[0;32m  OK  [0m] Stopped Execute cloud user/final scripts.
         Stopping User Manager for UID 1000...
         Stopping Authorization Manager...
[[0;32m  OK  [0m] Stopped target Multi-User System.
         Stopping LSB: automatic crash report generation...
         Stopping OpenBSD Secure Shell server...
[[0;32m  OK  [0m] Stopped target Login Prompts.
         Stopping Serial Getty on ttyS0...
         Stopping LSB: Record successful boot for GRUB...
         Stopping FUSE filesystem for LXC...
         Stopping Regular background program processing daemon...
         Stopping Virtualbox guest utils...
         Stopping D-Bus System Message Bus...
         Stopping irqbalance daemon...
         Stopping Deferred execution scheduler...
         Stopping System Logging Service...
[[0;32m  OK  [0m] Stopped PostgreSQL RDBMS.
         Stopping PostgreSQL Cluster 10-main...
         Stopping LXD - container startup/shutdown...
[[0;32m  OK  [0m] Stopped target Timers.
[[0;32m  OK  [0m] Stopped Message of the Day.
[[0;32m  OK  [0m] Stopped Daily Cleanup of Temporary Directories.
[[0;32m  OK  [0m] Stopped Daily apt upgrade and clean activities.
[[0;32m  OK  [0m] Stopped Daily apt download activities.
[[0;32m  OK  [0m] Stopped Discard unused blocks once a week.
[[0;32m  OK  [0m] Stopped target System Time Synchronized.
         Stopping Dispatcher daemon for systemd-networkd...
[[0;32m  OK  [0m] Stopped target Host and Network Name Lookups.
[[0;32m  OK  [0m] Closed Load/Save RF Kill Switch Status /dev/rfkill Watch.
[[0;32m  OK  [0m] Stopped Resets System Activity Data Collector.
         Stopping Getty on tty1...
[[0;32m  OK  [0m] Stopped Apply the settings specified in cloud-config.
[[0;32m  OK  [0m] Stopped Wait until snapd is fully seeded.
         Stopping Snap Daemon...
[[0;32m  OK  [0m] Stopped target Network is Online.
[[0;32m  OK  [0m] Stopped target Cloud-config availability.
[[0;32m  OK  [0m] Unmounted /var/lib/lxcfs.
[[0;32m  OK  [0m] Stopped Regular background program processing daemon.
[[0;32m  OK  [0m] Stopped Dispatcher daemon for systemd-networkd.
[[0;32m  OK  [0m] Stopped irqbalance daemon.
[[0;32m  OK  [0m] Stopped System Logging Service.
[[0;32m  OK  [0m] Stopped Deferred execution scheduler.
[[0;32m  OK  [0m] Stopped Accounts Service.
[[0;32m  OK  [0m] Stopped Snap Daemon.
[[0;32m  OK  [0m] Stopped Authorization Manager.
[[0;32m  OK  [0m] Stopped Serial Getty on ttyS0.
[[0;32m  OK  [0m] Stopped Getty on tty1.
[[0;32m  OK  [0m] Stopped OpenBSD Secure Shell server.
[[0;32m  OK  [0m] Stopped User Manager for UID 1000.
[[0;32m  OK  [0m] Stopped Availability of block devices.
[[0;32m  OK  [0m] Stopped D-Bus System Message Bus.
[[0;32m  OK  [0m] Stopped FUSE filesystem for LXC.
[[0;32m  OK  [0m] Stopped Session 4 of user vagrant.
[[0;32m  OK  [0m] Removed slice User Slice of vagrant.
         Stopping Login Service...
[[0;32m  OK  [0m] Removed slice system-getty.slice.
         Stopping Permit User Sessions...
[[0;32m  OK  [0m] Removed slice system-serial\x2dgetty.slice.
         Unmounting Mount unit for heroku, revision 4010...
         Unmounting Mount unit for core, revision 10444...
         Unmounting Mount unit for core, revision 10577...
         Unmounting Mount unit for heroku, revision 4017...
[[0;32m  OK  [0m] Stopped LSB: automatic crash report generation.
[[0;32m  OK  [0m] Stopped LSB: Record successful boot for GRUB.
[[0;32m  OK  [0m] Unmounted /CIS-196.
[[0;32m  OK  [0m] Stopped Permit User Sessions.
[[0;32m  OK  [0m] Unmounted Mount unit for heroku, revision 4010.
[[0;32m  OK  [0m] Stopped target Network.
         Stopping Network Name Resolution...
[[0;32m  OK  [0m] Stopped target Remote File Systems.
[[0;32m  OK  [0m] Stopped target Remote File Systems (Pre).
[[0;32m  OK  [0m] Stopped Network Name Resolution.
[[0;32m  OK  [0m] Stopped Virtualbox guest utils.
[[0;32m  OK  [0m] Stopped Login Service.
[[0;32m  OK  [0m] Stopped LXD - container startup/shutdown.
[[0;32m  OK  [0m] Unmounted Mount unit for core, revision 10444.
[[0;32m  OK  [0m] Unmounted Mount unit for core, revision 10577.
[[0;32m  OK  [0m] Unmounted Mount unit for heroku, revision 4017.
[[0;32m  OK  [0m] Stopped target User and Group Name Lookups.
[[0;32m  OK  [0m] Stopped PostgreSQL Cluster 10-main.
[[0;32m  OK  [0m] Removed slice system-postgresql.slice.
[[0;32m  OK  [0m] Stopped target Basic System.
[[0;32m  OK  [0m] Stopped target Slices.
[[0;32m  OK  [0m] Removed slice User and Session Slice.
[[0;32m  OK  [0m] Stopped target Paths.
[[0;32m  OK  [0m] Stopped ACPI Events Check.
[[0;32m  OK  [0m] Stopped target Sockets.
[[0;32m  OK  [0m] Closed Open-iSCSI iscsid Socket.
[[0;32m  OK  [0m] Closed Socket activation for snappy daemon.
[[0;32m  OK  [0m] Closed UUID daemon activation socket.
[[0;32m  OK  [0m] Closed LXD - unix socket.
[[0;32m  OK  [0m] Closed Syslog Socket.
[[0;32m  OK  [0m] Closed D-Bus System Message Bus Socket.
[[0;32m  OK  [0m] Closed ACPID Listen Socket.
[[0;32m  OK  [0m] Stopped target System Initialization.
         Stopping Update UTMP about System Boot/Shutdown...
[[0;32m  OK  [0m] Stopped target Local Encrypted Volumes.
[[0;32m  OK  [0m] Stopped Forward Password Requests to Wall Directory Watch.
[[0;32m  OK  [0m] Stopped Dispatch Password Requests to Console Directory Watch.
[[0;32m  OK  [0m] Stopped Initial cloud-init job (metadata service crawler).
[[0;32m  OK  [0m] Stopped Wait for Network to be Configured.
         Stopping Network Service...
         Stopping Load/Save Random Seed...
[[0;32m  OK  [0m] Stopped Update UTMP about System Boot/Shutdown.
[[0;32m  OK  [0m] Stopped Load/Save Random Seed.
[[0;32m  OK  [0m] Stopped Create Volatile Files and Directories.
[[0;32m  OK  [0m] Stopped target Local File Systems.
         Unmounting /run/user/1000...
[[0;32m  OK  [0m] Stopped Network Service.
[[0;32m  OK  [0m] Unmounted /run/user/1000.
[[0;32m  OK  [0m] Reached target Unmount All Filesystems.
[[0;32m  OK  [0m] Stopped target Swap.
[[0;32m  OK  [0m] Stopped target Local File Systems (Pre).
         Stopping Monitoring of LVM2 mirrors…ng dmeventd or progress polling...
[[0;32m  OK  [0m] Stopped Create Static Device Nodes in /dev.
[[0;32m  OK  [0m] Stopped Apply Kernel Variables.
[[0;32m  OK  [0m] Stopped Load Kernel Modules.
[[0;32m  OK  [0m] Stopped target Network (Pre).
[[0;32m  OK  [0m] Stopped Initial cloud-init job (pre-networking).
[[0;32m  OK  [0m] Stopped Remount Root and Kernel File Systems.
[[0;32m  OK  [0m] Reached target Shutdown.
[[0;32m  OK  [0m] Reached target Final Step.
         Starting Power-Off...
[[0;32m  OK  [0m] Stopped Monitoring of LVM2 mirrors,…sing dmeventd or progress polling.
         Stopping LVM2 metadata daemon...
[[0;32m  OK  [0m] Stopped LVM2 metadata daemon.
[  317.591001] reboot: Power down
