  [1m[35m (1.4ms)[0m  [1m[35mCREATE DATABASE "poe_development" ENCODING = 'unicode'[0m
  ↳ bin/rails:9
  [1m[35m (1.6ms)[0m  [1m[35mCREATE DATABASE "poe_test" ENCODING = 'unicode'[0m
  ↳ bin/rails:9
  [1m[35m (0.3ms)[0m  [1m[34mSELECT pg_try_advisory_lock(8738388918895891290)[0m
  ↳ bin/rails:9
  [1m[35m (1.1ms)[0m  [1m[34mSELECT "schema_migrations"."version" FROM "schema_migrations" ORDER BY "schema_migrations"."version" ASC[0m
  ↳ bin/rails:9
  [1m[36mActiveRecord::InternalMetadata Load (0.8ms)[0m  [1m[34mSELECT  "ar_internal_metadata".* FROM "ar_internal_metadata" WHERE "ar_internal_metadata"."key" = $1 LIMIT $2[0m  [["key", "environment"], ["LIMIT", 1]]
  ↳ bin/rails:9
  [1m[35m (0.5ms)[0m  [1m[35mBEGIN[0m
  ↳ bin/rails:9
  [1m[35m (2.9ms)[0m  [1m[35mCOMMIT[0m
  ↳ bin/rails:9
  [1m[35m (0.4ms)[0m  [1m[34mSELECT pg_advisory_unlock(8738388918895891290)[0m
  ↳ bin/rails:9
  [1m[35m (0.7ms)[0m  [1m[34mSELECT "schema_migrations"."version" FROM "schema_migrations" ORDER BY "schema_migrations"."version" ASC[0m
  ↳ bin/rails:9
Started GET "/" for 10.0.2.2 at 2020-12-09 16:55:13 +0000
Cannot render console from 10.0.2.2! Allowed networks: 127.0.0.1, ::1, 127.0.0.0/127.255.255.255
Processing by Rails::WelcomeController#index as HTML
  Rendering /home/vagrant/.rbenv/versions/2.7.1/lib/ruby/gems/2.7.0/gems/railties-5.2.4.4/lib/rails/templates/rails/welcome/index.html.erb
  Rendered /home/vagrant/.rbenv/versions/2.7.1/lib/ruby/gems/2.7.0/gems/railties-5.2.4.4/lib/rails/templates/rails/welcome/index.html.erb (20.2ms)
Completed 200 OK in 84ms (Views: 72.5ms | ActiveRecord: 0.0ms)


Started GET "/" for 10.0.2.2 at 2020-12-09 16:56:03 +0000
Cannot render console from 10.0.2.2! Allowed networks: 127.0.0.1, ::1, 127.0.0.0/127.255.255.255
Processing by Rails::WelcomeController#index as HTML
  Rendering /home/vagrant/.rbenv/versions/2.7.1/lib/ruby/gems/2.7.0/gems/railties-5.2.4.4/lib/rails/templates/rails/welcome/index.html.erb
  Rendered /home/vagrant/.rbenv/versions/2.7.1/lib/ruby/gems/2.7.0/gems/railties-5.2.4.4/lib/rails/templates/rails/welcome/index.html.erb (4.9ms)
Completed 200 OK in 24ms (Views: 17.2ms | ActiveRecord: 0.0ms)


Started GET "/" for 10.0.2.2 at 2020-12-09 18:47:40 +0000
Cannot render console from 10.0.2.2! Allowed networks: 127.0.0.1, ::1, 127.0.0.0/127.255.255.255
Processing by PagesController#home as HTML
  Rendering pages/home.html.erb within layouts/application
  Rendered pages/home.html.erb within layouts/application (3.2ms)
  Rendered layouts/_navbar.html.erb (120.5ms)
Completed 500 Internal Server Error in 2499ms (ActiveRecord: 0.0ms)


  
ActionView::Template::Error (undefined method `logged_in?' for #<#<Class:0x000055de494e4f80>:0x000055de495a9a10>
Did you mean?  logger?):
     8: 
     9:     <div class="collapse navbar-collapse" id="navbarNav">
    10:       <ul class="navbar-nav ml-auto">
    11:       <%if logged_in? %>
    12:           <!-- Should only be seen if logged in-->
    13:           <li class="nav-item"><%= link_to 'Users', "/users", class: 'nav-link' %></li>
    14:           <li class="nav-item"><%= link_to 'Courses', "/courses", class: 'nav-link' %></li>
  
app/views/layouts/_navbar.html.erb:11:in `_app_views_layouts__navbar_html_erb__2335059734841711162_13060'
app/views/layouts/application.html.erb:13:in `_app_views_layouts_application_html_erb___622878896575722709_12900'
Started GET "/" for 10.0.2.2 at 2020-12-09 18:48:37 +0000
Cannot render console from 10.0.2.2! Allowed networks: 127.0.0.1, ::1, 127.0.0.0/127.255.255.255
Processing by PagesController#home as HTML
  Rendering pages/home.html.erb within layouts/application
  Rendered pages/home.html.erb within layouts/application (2.2ms)
  Rendered layouts/_navbar.html.erb (129.7ms)
Completed 500 Internal Server Error in 895ms (ActiveRecord: 0.0ms)


  
ActionView::Template::Error (undefined method `logged_in?' for #<#<Class:0x0000562afe445258>:0x0000562afe410f30>
Did you mean?  logger?):
     8: 
     9:     <div class="collapse navbar-collapse" id="navbarNav">
    10:       <ul class="navbar-nav ml-auto">
    11:     #   <%if logged_in? %>
    12:           <!-- Should only be seen if logged in-->
    13:           <li class="nav-item"><%= link_to 'Users', "/users", class: 'nav-link' %></li>
    14:           <li class="nav-item"><%= link_to 'Courses', "/courses", class: 'nav-link' %></li>
  
app/views/layouts/_navbar.html.erb:11:in `_app_views_layouts__navbar_html_erb__3358523063090216721_13040'
app/views/layouts/application.html.erb:13:in `_app_views_layouts_application_html_erb___3412971680255638559_12900'
Started GET "/" for 10.0.2.2 at 2020-12-09 18:49:42 +0000
Cannot render console from 10.0.2.2! Allowed networks: 127.0.0.1, ::1, 127.0.0.0/127.255.255.255
Processing by PagesController#home as HTML
  Rendering pages/home.html.erb within layouts/application
  Rendered pages/home.html.erb within layouts/application (1.9ms)
  Rendered layouts/_navbar.html.erb (130.4ms)
Completed 500 Internal Server Error in 921ms (ActiveRecord: 0.0ms)


  
ActionView::Template::Error (undefined method `logged_in?' for #<#<Class:0x0000559fe0968ec8>:0x0000559fe0938688>
Did you mean?  logger?):
     8: 
     9:     <div class="collapse navbar-collapse" id="navbarNav">
    10:       <ul class="navbar-nav ml-auto">
    11:        <!-- <%if logged_in? %> -->
    12:           <!-- Should only be seen if logged in-->
    13:           <li class="nav-item"><%= link_to 'Users', "/users", class: 'nav-link' %></li>
    14:           <li class="nav-item"><%= link_to 'Courses', "/courses", class: 'nav-link' %></li>
  
app/views/layouts/_navbar.html.erb:11:in `_app_views_layouts__navbar_html_erb__419435249338062390_13040'
app/views/layouts/application.html.erb:13:in `_app_views_layouts_application_html_erb___2205898124470729434_12900'
Started GET "/" for 10.0.2.2 at 2020-12-09 18:50:04 +0000
Cannot render console from 10.0.2.2! Allowed networks: 127.0.0.1, ::1, 127.0.0.0/127.255.255.255
Processing by PagesController#home as HTML
  Rendering pages/home.html.erb within layouts/application
  Rendered pages/home.html.erb within layouts/application (0.5ms)
  Rendered layouts/_navbar.html.erb (1.1ms)
Completed 200 OK in 253ms (Views: 189.3ms | ActiveRecord: 0.0ms)


Started GET "/" for 10.0.2.2 at 2020-12-09 18:51:10 +0000
Cannot render console from 10.0.2.2! Allowed networks: 127.0.0.1, ::1, 127.0.0.0/127.255.255.255
Processing by PagesController#home as HTML
  Rendering pages/home.html.erb within layouts/application
  Rendered pages/home.html.erb within layouts/application (2.3ms)
  Rendered layouts/_navbar.html.erb (0.8ms)
Completed 200 OK in 852ms (Views: 817.6ms | ActiveRecord: 0.0ms)


Started GET "/" for 10.0.2.2 at 2020-12-09 18:53:54 +0000
Cannot render console from 10.0.2.2! Allowed networks: 127.0.0.1, ::1, 127.0.0.0/127.255.255.255
Processing by PagesController#home as HTML
  Rendering pages/home.html.erb within layouts/application
  Rendered pages/home.html.erb within layouts/application (2.1ms)
  Rendered layouts/_navbar.html.erb (1.0ms)
Completed 200 OK in 2285ms (Views: 2233.9ms | ActiveRecord: 0.0ms)


Started GET "/" for 10.0.2.2 at 2020-12-09 18:57:15 +0000
Cannot render console from 10.0.2.2! Allowed networks: 127.0.0.1, ::1, 127.0.0.0/127.255.255.255
Processing by PagesController#home as HTML
  Rendering pages/home.html.erb within layouts/application
  Rendered pages/home.html.erb within layouts/application (2.7ms)
  Rendered layouts/_navbar.html.erb (1.0ms)
Completed 200 OK in 2659ms (Views: 2633.6ms | ActiveRecord: 0.0ms)


Started GET "/" for 10.0.2.2 at 2020-12-09 19:05:05 +0000
Cannot render console from 10.0.2.2! Allowed networks: 127.0.0.1, ::1, 127.0.0.0/127.255.255.255
Processing by PagesController#home as HTML
  Rendering pages/home.html.erb within layouts/application
  Rendered pages/home.html.erb within layouts/application (2.7ms)
Completed 500 Internal Server Error in 644ms (ActiveRecord: 0.0ms)


  
ActionView::Template::Error (File to import not found or unreadable: bootstrap-sprockets.
Load paths:
  /CIS-196/poe/app/assets/config
  /CIS-196/poe/app/assets/images
  /CIS-196/poe/app/assets/javascripts
  /CIS-196/poe/app/assets/stylesheets
  /home/vagrant/.rbenv/versions/2.7.1/lib/ruby/gems/2.7.0/gems/coffee-rails-4.2.2/lib/assets/javascripts
  /home/vagrant/.rbenv/versions/2.7.1/lib/ruby/gems/2.7.0/gems/font-awesome-rails-4.7.0.5/app/assets/fonts
  /home/vagrant/.rbenv/versions/2.7.1/lib/ruby/gems/2.7.0/gems/font-awesome-rails-4.7.0.5/app/assets/stylesheets
  /home/vagrant/.rbenv/versions/2.7.1/lib/ruby/gems/2.7.0/gems/jquery-rails-4.4.0/vendor/assets/javascripts
  /home/vagrant/.rbenv/versions/2.7.1/lib/ruby/gems/2.7.0/gems/actioncable-5.2.4.4/lib/assets/compiled
  /home/vagrant/.rbenv/versions/2.7.1/lib/ruby/gems/2.7.0/gems/activestorage-5.2.4.4/app/assets/javascripts
  /home/vagrant/.rbenv/versions/2.7.1/lib/ruby/gems/2.7.0/gems/actionview-5.2.4.4/lib/assets/compiled
  /home/vagrant/.rbenv/versions/2.7.1/lib/ruby/gems/2.7.0/gems/turbolinks-source-5.2.0/lib/assets/javascripts
  /CIS-196/poe/node_modules
  /home/vagrant/.rbenv/versions/2.7.1/lib/ruby/gems/2.7.0/gems/popper_js-1.16.0/assets/javascripts
  /home/vagrant/.rbenv/versions/2.7.1/lib/ruby/gems/2.7.0/gems/bootstrap-4.4.1/assets/stylesheets
  /home/vagrant/.rbenv/versions/2.7.1/lib/ruby/gems/2.7.0/gems/bootstrap-4.4.1/assets/javascripts):
     5:     <%= csrf_meta_tags %>
     6:     <%= csp_meta_tag %>
     7: 
     8:     <%= stylesheet_link_tag    'application', media: 'all', 'data-turbolinks-track': 'reload' %>
     9:     <%= javascript_include_tag 'application', 'data-turbolinks-track': 'reload' %>
    10:   </head>
    11: 
  
app/assets/stylesheets/application.scss:27
app/views/layouts/application.html.erb:8:in `_app_views_layouts_application_html_erb__4435409238525397912_15920'
Started GET "/" for 10.0.2.2 at 2020-12-09 19:05:20 +0000
Cannot render console from 10.0.2.2! Allowed networks: 127.0.0.1, ::1, 127.0.0.0/127.255.255.255
Processing by PagesController#home as HTML
  Rendering pages/home.html.erb within layouts/application
  Rendered pages/home.html.erb within layouts/application (3.3ms)
  Rendered layouts/_navbar.html.erb (0.7ms)
Completed 200 OK in 10051ms (Views: 10032.2ms | ActiveRecord: 0.0ms)


Started GET "/" for 10.0.2.2 at 2020-12-09 19:08:59 +0000
Cannot render console from 10.0.2.2! Allowed networks: 127.0.0.1, ::1, 127.0.0.0/127.255.255.255
Processing by PagesController#home as HTML
  Rendering pages/home.html.erb within layouts/application
  Rendered pages/home.html.erb within layouts/application (3.4ms)
  Rendered layouts/_navbar.html.erb (0.8ms)
Completed 200 OK in 1738ms (Views: 1704.4ms | ActiveRecord: 0.0ms)


Started GET "/" for 10.0.2.2 at 2020-12-09 19:09:02 +0000
Cannot render console from 10.0.2.2! Allowed networks: 127.0.0.1, ::1, 127.0.0.0/127.255.255.255
Processing by PagesController#home as HTML
  Rendering pages/home.html.erb within layouts/application
  Rendered pages/home.html.erb within layouts/application (0.4ms)
  Rendered layouts/_navbar.html.erb (0.6ms)
Completed 200 OK in 161ms (Views: 134.4ms | ActiveRecord: 0.0ms)


Started GET "/users" for 10.0.2.2 at 2020-12-09 19:09:05 +0000
Cannot render console from 10.0.2.2! Allowed networks: 127.0.0.1, ::1, 127.0.0.0/127.255.255.255
  
ActionController::RoutingError (No route matches [GET] "/users"):
  
actionpack (5.2.4.4) lib/action_dispatch/middleware/debug_exceptions.rb:65:in `call'
web-console (3.7.0) lib/web_console/middleware.rb:135:in `call_app'
web-console (3.7.0) lib/web_console/middleware.rb:22:in `block in call'
web-console (3.7.0) lib/web_console/middleware.rb:20:in `catch'
web-console (3.7.0) lib/web_console/middleware.rb:20:in `call'
actionpack (5.2.4.4) lib/action_dispatch/middleware/show_exceptions.rb:33:in `call'
railties (5.2.4.4) lib/rails/rack/logger.rb:38:in `call_app'
railties (5.2.4.4) lib/rails/rack/logger.rb:26:in `block in call'
activesupport (5.2.4.4) lib/active_support/tagged_logging.rb:71:in `block in tagged'
activesupport (5.2.4.4) lib/active_support/tagged_logging.rb:28:in `tagged'
activesupport (5.2.4.4) lib/active_support/tagged_logging.rb:71:in `tagged'
railties (5.2.4.4) lib/rails/rack/logger.rb:26:in `call'
sprockets-rails (3.2.2) lib/sprockets/rails/quiet_assets.rb:13:in `call'
actionpack (5.2.4.4) lib/action_dispatch/middleware/remote_ip.rb:81:in `call'
actionpack (5.2.4.4) lib/action_dispatch/middleware/request_id.rb:27:in `call'
rack (2.2.3) lib/rack/method_override.rb:24:in `call'
rack (2.2.3) lib/rack/runtime.rb:22:in `call'
activesupport (5.2.4.4) lib/active_support/cache/strategy/local_cache_middleware.rb:29:in `call'
actionpack (5.2.4.4) lib/action_dispatch/middleware/executor.rb:14:in `call'
actionpack (5.2.4.4) lib/action_dispatch/middleware/static.rb:127:in `call'
rack (2.2.3) lib/rack/sendfile.rb:110:in `call'
railties (5.2.4.4) lib/rails/engine.rb:524:in `call'
puma (3.12.6) lib/puma/configuration.rb:227:in `call'
puma (3.12.6) lib/puma/server.rb:706:in `handle_request'
puma (3.12.6) lib/puma/server.rb:476:in `process_client'
puma (3.12.6) lib/puma/server.rb:334:in `block in run'
puma (3.12.6) lib/puma/thread_pool.rb:135:in `block in spawn_thread'
Started GET "/" for 10.0.2.2 at 2020-12-09 19:09:07 +0000
Cannot render console from 10.0.2.2! Allowed networks: 127.0.0.1, ::1, 127.0.0.0/127.255.255.255
Processing by PagesController#home as HTML
  Rendering pages/home.html.erb within layouts/application
  Rendered pages/home.html.erb within layouts/application (2.5ms)
  Rendered layouts/_navbar.html.erb (0.7ms)
Completed 200 OK in 341ms (Views: 298.4ms | ActiveRecord: 0.0ms)


Started GET "/" for 10.0.2.2 at 2020-12-18 01:01:25 +0000
Cannot render console from 10.0.2.2! Allowed networks: 127.0.0.1, ::1, 127.0.0.0/127.255.255.255
Processing by PagesController#home as HTML
  Rendering pages/home.html.erb within layouts/application
  Rendered pages/home.html.erb within layouts/application (2.9ms)
  Rendered layouts/_navbar.html.erb (2.2ms)
Completed 200 OK in 1839ms (Views: 1790.3ms | ActiveRecord: 0.0ms)


  [1m[35m (0.2ms)[0m  [1m[34mSELECT pg_try_advisory_lock(8738388918895891290)[0m
  ↳ bin/rails:9
  [1m[35m (1.2ms)[0m  [1m[34mSELECT "schema_migrations"."version" FROM "schema_migrations" ORDER BY "schema_migrations"."version" ASC[0m
  ↳ bin/rails:9
Migrating to CreateUsers (20201218012053)
  [1m[35m (0.1ms)[0m  [1m[35mBEGIN[0m
  ↳ bin/rails:9
  [1m[35m (0.1ms)[0m  [1m[31mROLLBACK[0m
  ↳ bin/rails:9
  [1m[35m (0.2ms)[0m  [1m[34mSELECT pg_advisory_unlock(8738388918895891290)[0m
  ↳ bin/rails:9
  [1m[35m (0.3ms)[0m  [1m[34mSELECT pg_try_advisory_lock(8738388918895891290)[0m
  ↳ bin/rails:9
  [1m[35m (0.5ms)[0m  [1m[34mSELECT "schema_migrations"."version" FROM "schema_migrations" ORDER BY "schema_migrations"."version" ASC[0m
  ↳ bin/rails:9
Migrating to CreateUsers (20201218012053)
  [1m[35m (0.2ms)[0m  [1m[35mBEGIN[0m
  ↳ bin/rails:9
  [1m[35m (0.2ms)[0m  [1m[31mROLLBACK[0m
  ↳ bin/rails:9
  [1m[35m (0.2ms)[0m  [1m[34mSELECT pg_advisory_unlock(8738388918895891290)[0m
  ↳ bin/rails:9
  [1m[35m (1.6ms)[0m  [1m[34mSELECT "schema_migrations"."version" FROM "schema_migrations" ORDER BY "schema_migrations"."version" ASC[0m
  ↳ /home/vagrant/.rbenv/versions/2.7.1/bin/rake:23
  [1m[35m (0.2ms)[0m  [1m[34mSELECT "schema_migrations"."version" FROM "schema_migrations" ORDER BY "schema_migrations"."version" ASC[0m
  ↳ /home/vagrant/.rbenv/versions/2.7.1/bin/rake:23
  [1m[35m (0.1ms)[0m  [1m[34mSELECT pg_try_advisory_lock(8738388918895891290)[0m
  ↳ /home/vagrant/.rbenv/versions/2.7.1/bin/rake:23
  [1m[35m (0.3ms)[0m  [1m[34mSELECT "schema_migrations"."version" FROM "schema_migrations" ORDER BY "schema_migrations"."version" ASC[0m
  ↳ /home/vagrant/.rbenv/versions/2.7.1/bin/rake:23
  [1m[35m (0.2ms)[0m  [1m[34mSELECT pg_advisory_unlock(8738388918895891290)[0m
  ↳ /home/vagrant/.rbenv/versions/2.7.1/bin/rake:23
  [1m[35m (0.2ms)[0m  [1m[34mSELECT "schema_migrations"."version" FROM "schema_migrations" ORDER BY "schema_migrations"."version" ASC[0m
  ↳ /home/vagrant/.rbenv/versions/2.7.1/bin/rake:23
  [1m[35m (0.4ms)[0m  [1m[34mSELECT pg_try_advisory_lock(8738388918895891290)[0m
  ↳ bin/rails:9
  [1m[35m (1.2ms)[0m  [1m[34mSELECT "schema_migrations"."version" FROM "schema_migrations" ORDER BY "schema_migrations"."version" ASC[0m
  ↳ bin/rails:9
Migrating to CreatePosts (20201218012252)
  [1m[35m (1.7ms)[0m  [1m[35mBEGIN[0m
  ↳ bin/rails:9
  [1m[35m (66.3ms)[0m  [1m[35mCREATE TABLE "posts" ("id" bigserial primary key, "author" character varying, "text" text, "timestamp" timestamp, "user_id" bigint, "created_at" timestamp NOT NULL, "updated_at" timestamp NOT NULL, CONSTRAINT "fk_rails_5b5ddfd518"
FOREIGN KEY ("user_id")
  REFERENCES "users" ("id")
)[0m
  ↳ db/migrate/20201218012252_create_posts.rb:3
  [1m[35m (0.2ms)[0m  [1m[31mROLLBACK[0m
  ↳ bin/rails:9
  [1m[35m (0.3ms)[0m  [1m[34mSELECT pg_advisory_unlock(8738388918895891290)[0m
  ↳ bin/rails:9
  [1m[35m (0.4ms)[0m  [1m[34mSELECT pg_try_advisory_lock(8738388918895891290)[0m
  ↳ bin/rails:9
  [1m[35m (0.9ms)[0m  [1m[34mSELECT "schema_migrations"."version" FROM "schema_migrations" ORDER BY "schema_migrations"."version" ASC[0m
  ↳ bin/rails:9
Migrating to CreatePosts (20201218012252)
  [1m[35m (0.2ms)[0m  [1m[35mBEGIN[0m
  ↳ bin/rails:9
  [1m[35m (22.0ms)[0m  [1m[35mCREATE TABLE "posts" ("id" bigserial primary key, "author" character varying, "text" text, "timestamp" timestamp, "user_id" bigint, "created_at" timestamp NOT NULL, "updated_at" timestamp NOT NULL, CONSTRAINT "fk_rails_5b5ddfd518"
FOREIGN KEY ("user_id")
  REFERENCES "users" ("id")
)[0m
  ↳ db/migrate/20201218012252_create_posts.rb:3
  [1m[35m (0.2ms)[0m  [1m[31mROLLBACK[0m
  ↳ bin/rails:9
  [1m[35m (0.3ms)[0m  [1m[34mSELECT pg_advisory_unlock(8738388918895891290)[0m
  ↳ bin/rails:9
  [1m[35m (0.3ms)[0m  [1m[34mSELECT pg_try_advisory_lock(8738388918895891290)[0m
  ↳ bin/rails:9
  [1m[35m (0.7ms)[0m  [1m[34mSELECT "schema_migrations"."version" FROM "schema_migrations" ORDER BY "schema_migrations"."version" ASC[0m
  ↳ bin/rails:9
Migrating to CreateTags (20201218012452)
  [1m[35m (2.6ms)[0m  [1m[35mBEGIN[0m
  ↳ bin/rails:9
  [1m[35m (15.0ms)[0m  [1m[35mCREATE TABLE "tags" ("id" bigserial primary key, "name" character varying, "created_at" timestamp NOT NULL, "updated_at" timestamp NOT NULL)[0m
  ↳ db/migrate/20201218012452_create_tags.rb:3
  [1m[36mActiveRecord::SchemaMigration Create (1.2ms)[0m  [1m[32mINSERT INTO "schema_migrations" ("version") VALUES ($1) RETURNING "version"[0m  [["version", "20201218012452"]]
  ↳ bin/rails:9
  [1m[35m (0.9ms)[0m  [1m[35mCOMMIT[0m
  ↳ bin/rails:9
Migrating to CreateAssociations (20201218012547)
  [1m[35m (3.2ms)[0m  [1m[35mBEGIN[0m
  ↳ bin/rails:9
  [1m[35m (3.4ms)[0m  [1m[35mCREATE TABLE "associations" ("id" bigserial primary key, "post_id" bigint, "tag_id" bigint, "created_at" timestamp NOT NULL, "updated_at" timestamp NOT NULL, CONSTRAINT "fk_rails_453399c73e"
FOREIGN KEY ("post_id")
  REFERENCES "posts" ("id")
, CONSTRAINT "fk_rails_2268726cbc"
FOREIGN KEY ("tag_id")
  REFERENCES "tags" ("id")
)[0m
  ↳ db/migrate/20201218012547_create_associations.rb:3
  [1m[35m (0.5ms)[0m  [1m[31mROLLBACK[0m
  ↳ bin/rails:9
  [1m[35m (2.3ms)[0m  [1m[34mSELECT pg_advisory_unlock(8738388918895891290)[0m
  ↳ bin/rails:9
  [1m[35m (0.3ms)[0m  [1m[34mSELECT pg_try_advisory_lock(8738388918895891290)[0m
  ↳ bin/rails:9
  [1m[35m (0.9ms)[0m  [1m[34mSELECT "schema_migrations"."version" FROM "schema_migrations" ORDER BY "schema_migrations"."version" ASC[0m
  ↳ bin/rails:9
Migrating to RemovePhotoFromUser (20201218015616)
  [1m[35m (0.7ms)[0m  [1m[35mBEGIN[0m
  ↳ bin/rails:9
  [1m[35m (2.2ms)[0m  [1m[35mALTER TABLE "users" DROP COLUMN "photo"[0m
  ↳ db/migrate/20201218015616_remove_photo_from_user.rb:3
  [1m[35m (0.3ms)[0m  [1m[31mROLLBACK[0m
  ↳ bin/rails:9
  [1m[35m (0.7ms)[0m  [1m[34mSELECT pg_advisory_unlock(8738388918895891290)[0m
  ↳ bin/rails:9
  [1m[35m (0.6ms)[0m  [1m[34mSELECT pg_try_advisory_lock(8738388918895891290)[0m
  ↳ bin/rails:9
  [1m[35m (0.5ms)[0m  [1m[34mSELECT "schema_migrations"."version" FROM "schema_migrations" ORDER BY "schema_migrations"."version" ASC[0m
  ↳ bin/rails:9
Migrating to RemovePhotoFromUser (20201218015616)
  [1m[35m (0.3ms)[0m  [1m[35mBEGIN[0m
  ↳ bin/rails:9
  [1m[35m (0.7ms)[0m  [1m[35mALTER TABLE "users" DROP COLUMN "photo"[0m
  ↳ db/migrate/20201218015616_remove_photo_from_user.rb:3
  [1m[35m (0.1ms)[0m  [1m[31mROLLBACK[0m
  ↳ bin/rails:9
  [1m[35m (0.2ms)[0m  [1m[34mSELECT pg_advisory_unlock(8738388918895891290)[0m
  ↳ bin/rails:9
  [1m[35m (0.5ms)[0m  [1m[34mSELECT pg_try_advisory_lock(8738388918895891290)[0m
  ↳ bin/rails:9
  [1m[35m (0.9ms)[0m  [1m[34mSELECT "schema_migrations"."version" FROM "schema_migrations" ORDER BY "schema_migrations"."version" ASC[0m
  ↳ bin/rails:9
Migrating to RemovePhotoFromUser (20201218015616)
  [1m[35m (0.5ms)[0m  [1m[35mBEGIN[0m
  ↳ bin/rails:9
  [1m[35m (0.6ms)[0m  [1m[35mALTER TABLE "users" DROP COLUMN "photo"[0m
  ↳ db/migrate/20201218015616_remove_photo_from_user.rb:3
  [1m[35m (0.1ms)[0m  [1m[31mROLLBACK[0m
  ↳ bin/rails:9
  [1m[35m (0.2ms)[0m  [1m[34mSELECT pg_advisory_unlock(8738388918895891290)[0m
  ↳ bin/rails:9
  [1m[35m (1.2ms)[0m  [1m[34mSELECT "schema_migrations"."version" FROM "schema_migrations" ORDER BY "schema_migrations"."version" ASC[0m
  ↳ /home/vagrant/.rbenv/versions/2.7.1/bin/rake:23
  [1m[35m (8.8ms)[0m  [1m[34mSELECT "ar_internal_metadata"."value" FROM "ar_internal_metadata" WHERE "ar_internal_metadata"."key" = $1[0m  [["key", "environment"]]
  ↳ /home/vagrant/.rbenv/versions/2.7.1/bin/rake:23
  [1m[35m (1.1ms)[0m  [1m[34mSELECT "schema_migrations"."version" FROM "schema_migrations" ORDER BY "schema_migrations"."version" ASC[0m
  ↳ /home/vagrant/.rbenv/versions/2.7.1/bin/rake:23
  [1m[35m (0.4ms)[0m  [1m[34mSELECT "ar_internal_metadata"."value" FROM "ar_internal_metadata" WHERE "ar_internal_metadata"."key" = $1[0m  [["key", "environment"]]
  ↳ /home/vagrant/.rbenv/versions/2.7.1/bin/rake:23
  [1m[35m (0.5ms)[0m  [1m[34mSELECT "schema_migrations"."version" FROM "schema_migrations" ORDER BY "schema_migrations"."version" ASC[0m
  ↳ /home/vagrant/.rbenv/versions/2.7.1/bin/rake:23
  [1m[35m (1.6ms)[0m  [1m[34mSELECT "ar_internal_metadata"."value" FROM "ar_internal_metadata" WHERE "ar_internal_metadata"."key" = $1[0m  [["key", "environment"]]
  ↳ /home/vagrant/.rbenv/versions/2.7.1/bin/rake:23
  [1m[35m (111.8ms)[0m  [1m[35mDROP DATABASE IF EXISTS "poe_development"[0m
  ↳ /home/vagrant/.rbenv/versions/2.7.1/bin/rake:23
  [1m[35m (105.5ms)[0m  [1m[35mDROP DATABASE IF EXISTS "poe_test"[0m
  ↳ /home/vagrant/.rbenv/versions/2.7.1/bin/rake:23
  [1m[35m (524.1ms)[0m  [1m[35mCREATE DATABASE "poe_development" ENCODING = 'unicode'[0m
  ↳ /home/vagrant/.rbenv/versions/2.7.1/bin/rake:23
  [1m[35m (248.5ms)[0m  [1m[35mCREATE DATABASE "poe_test" ENCODING = 'unicode'[0m
  ↳ /home/vagrant/.rbenv/versions/2.7.1/bin/rake:23
  [1m[35mSQL (0.2ms)[0m  [1m[35mCREATE EXTENSION IF NOT EXISTS "plpgsql"[0m
  ↳ db/schema.rb:16
  [1m[35m (24.5ms)[0m  [1m[35mCREATE TABLE "schema_migrations" ("version" character varying NOT NULL PRIMARY KEY)[0m
  ↳ db/schema.rb:13
  [1m[35m (0.8ms)[0m  [1m[34mSELECT "schema_migrations"."version" FROM "schema_migrations" ORDER BY "schema_migrations"."version" ASC[0m
  ↳ db/schema.rb:13
  [1m[35m (0.7ms)[0m  [1m[32mINSERT INTO "schema_migrations" (version) VALUES (0)[0m
  ↳ db/schema.rb:13
  [1m[35m (28.3ms)[0m  [1m[35mCREATE TABLE "ar_internal_metadata" ("key" character varying NOT NULL PRIMARY KEY, "value" character varying, "created_at" timestamp NOT NULL, "updated_at" timestamp NOT NULL)[0m
  ↳ db/schema.rb:13
  [1m[36mActiveRecord::InternalMetadata Load (0.3ms)[0m  [1m[34mSELECT  "ar_internal_metadata".* FROM "ar_internal_metadata" WHERE "ar_internal_metadata"."key" = $1 LIMIT $2[0m  [["key", "environment"], ["LIMIT", 1]]
  ↳ db/schema.rb:13
  [1m[35m (0.2ms)[0m  [1m[35mBEGIN[0m
  ↳ db/schema.rb:13
  [1m[36mActiveRecord::InternalMetadata Create (0.5ms)[0m  [1m[32mINSERT INTO "ar_internal_metadata" ("key", "value", "created_at", "updated_at") VALUES ($1, $2, $3, $4) RETURNING "key"[0m  [["key", "environment"], ["value", "development"], ["created_at", "2020-12-18 02:07:54.984982"], ["updated_at", "2020-12-18 02:07:54.984982"]]
  ↳ db/schema.rb:13
  [1m[35m (0.4ms)[0m  [1m[35mCOMMIT[0m
  ↳ db/schema.rb:13
  [1m[36mActiveRecord::InternalMetadata Load (0.3ms)[0m  [1m[34mSELECT  "ar_internal_metadata".* FROM "ar_internal_metadata" WHERE "ar_internal_metadata"."key" = $1 LIMIT $2[0m  [["key", "environment"], ["LIMIT", 1]]
  ↳ /home/vagrant/.rbenv/versions/2.7.1/bin/rake:23
  [1m[35m (0.1ms)[0m  [1m[35mBEGIN[0m
  ↳ /home/vagrant/.rbenv/versions/2.7.1/bin/rake:23
  [1m[35m (0.2ms)[0m  [1m[35mCOMMIT[0m
  ↳ /home/vagrant/.rbenv/versions/2.7.1/bin/rake:23
  [1m[35mSQL (0.5ms)[0m  [1m[35mCREATE EXTENSION IF NOT EXISTS "plpgsql"[0m
  ↳ db/schema.rb:16
  [1m[35m (30.1ms)[0m  [1m[35mCREATE TABLE "schema_migrations" ("version" character varying NOT NULL PRIMARY KEY)[0m
  ↳ db/schema.rb:13
  [1m[35m (1.5ms)[0m  [1m[34mSELECT "schema_migrations"."version" FROM "schema_migrations" ORDER BY "schema_migrations"."version" ASC[0m
  ↳ db/schema.rb:13
  [1m[35m (1.1ms)[0m  [1m[32mINSERT INTO "schema_migrations" (version) VALUES (0)[0m
  ↳ db/schema.rb:13
  [1m[35m (24.3ms)[0m  [1m[35mCREATE TABLE "ar_internal_metadata" ("key" character varying NOT NULL PRIMARY KEY, "value" character varying, "created_at" timestamp NOT NULL, "updated_at" timestamp NOT NULL)[0m
  ↳ db/schema.rb:13
  [1m[36mActiveRecord::InternalMetadata Load (0.5ms)[0m  [1m[34mSELECT  "ar_internal_metadata".* FROM "ar_internal_metadata" WHERE "ar_internal_metadata"."key" = $1 LIMIT $2[0m  [["key", "environment"], ["LIMIT", 1]]
  ↳ db/schema.rb:13
  [1m[35m (0.3ms)[0m  [1m[35mBEGIN[0m
  ↳ db/schema.rb:13
  [1m[36mActiveRecord::InternalMetadata Create (0.6ms)[0m  [1m[32mINSERT INTO "ar_internal_metadata" ("key", "value", "created_at", "updated_at") VALUES ($1, $2, $3, $4) RETURNING "key"[0m  [["key", "environment"], ["value", "development"], ["created_at", "2020-12-18 02:07:55.101829"], ["updated_at", "2020-12-18 02:07:55.101829"]]
  ↳ db/schema.rb:13
  [1m[35m (0.5ms)[0m  [1m[35mCOMMIT[0m
  ↳ db/schema.rb:13
  [1m[36mActiveRecord::InternalMetadata Load (0.4ms)[0m  [1m[34mSELECT  "ar_internal_metadata".* FROM "ar_internal_metadata" WHERE "ar_internal_metadata"."key" = $1 LIMIT $2[0m  [["key", "environment"], ["LIMIT", 1]]
  ↳ /home/vagrant/.rbenv/versions/2.7.1/bin/rake:23
  [1m[35m (0.2ms)[0m  [1m[35mBEGIN[0m
  ↳ /home/vagrant/.rbenv/versions/2.7.1/bin/rake:23
  [1m[36mActiveRecord::InternalMetadata Update (0.5ms)[0m  [1m[33mUPDATE "ar_internal_metadata" SET "value" = $1, "updated_at" = $2 WHERE "ar_internal_metadata"."key" = $3[0m  [["value", "test"], ["updated_at", "2020-12-18 02:07:55.109979"], ["key", "environment"]]
  ↳ /home/vagrant/.rbenv/versions/2.7.1/bin/rake:23
  [1m[35m (0.5ms)[0m  [1m[35mCOMMIT[0m
  ↳ /home/vagrant/.rbenv/versions/2.7.1/bin/rake:23
  [1m[35m (0.7ms)[0m  [1m[34mSELECT "schema_migrations"."version" FROM "schema_migrations" ORDER BY "schema_migrations"."version" ASC[0m
  ↳ /home/vagrant/.rbenv/versions/2.7.1/bin/rake:23
  [1m[35m (3.1ms)[0m  [1m[34mSELECT pg_try_advisory_lock(8738388918895891290)[0m
  ↳ bin/rails:9
  [1m[35m (1.1ms)[0m  [1m[34mSELECT "schema_migrations"."version" FROM "schema_migrations" ORDER BY "schema_migrations"."version" ASC[0m
  ↳ bin/rails:9
Migrating to CreateTags (20201218012452)
  [1m[35m (3.0ms)[0m  [1m[35mBEGIN[0m
  ↳ bin/rails:9
  [1m[35m (22.6ms)[0m  [1m[35mCREATE TABLE "tags" ("id" bigserial primary key, "name" character varying, "created_at" timestamp NOT NULL, "updated_at" timestamp NOT NULL)[0m
  ↳ db/migrate/20201218012452_create_tags.rb:3
  [1m[36mActiveRecord::SchemaMigration Create (1.4ms)[0m  [1m[32mINSERT INTO "schema_migrations" ("version") VALUES ($1) RETURNING "version"[0m  [["version", "20201218012452"]]
  ↳ bin/rails:9
  [1m[35m (1.7ms)[0m  [1m[35mCOMMIT[0m
  ↳ bin/rails:9
Migrating to RemovePhotoFromUser (20201218015616)
  [1m[35m (0.3ms)[0m  [1m[35mBEGIN[0m
  ↳ bin/rails:9
  [1m[35m (1.0ms)[0m  [1m[35mALTER TABLE "users" DROP COLUMN "photo"[0m
  ↳ db/migrate/20201218015616_remove_photo_from_user.rb:3
  [1m[35m (0.2ms)[0m  [1m[31mROLLBACK[0m
  ↳ bin/rails:9
  [1m[35m (0.4ms)[0m  [1m[34mSELECT pg_advisory_unlock(8738388918895891290)[0m
  ↳ bin/rails:9
  [1m[35m (2.1ms)[0m  [1m[34mSELECT pg_try_advisory_lock(8738388918895891290)[0m
  ↳ bin/rails:9
  [1m[35m (1.0ms)[0m  [1m[34mSELECT "schema_migrations"."version" FROM "schema_migrations" ORDER BY "schema_migrations"."version" ASC[0m
  ↳ bin/rails:9
Migrating to RemovePhotoFromUser (20201218015616)
  [1m[35m (1.6ms)[0m  [1m[35mBEGIN[0m
  ↳ bin/rails:9
  [1m[35m (1.2ms)[0m  [1m[35mALTER TABLE "users" DROP COLUMN "photo"[0m
  ↳ db/migrate/20201218015616_remove_photo_from_user.rb:3
  [1m[35m (0.3ms)[0m  [1m[31mROLLBACK[0m
  ↳ bin/rails:9
  [1m[35m (2.8ms)[0m  [1m[34mSELECT pg_advisory_unlock(8738388918895891290)[0m
  ↳ bin/rails:9
  [1m[35m (1.6ms)[0m  [1m[34mSELECT pg_try_advisory_lock(8738388918895891290)[0m
  ↳ bin/rails:9
  [1m[35m (0.6ms)[0m  [1m[34mSELECT "schema_migrations"."version" FROM "schema_migrations" ORDER BY "schema_migrations"."version" ASC[0m
  ↳ bin/rails:9
Migrating to RemovePhotoFromUser (20201218015616)
  [1m[35m (0.3ms)[0m  [1m[34mSELECT pg_advisory_unlock(8738388918895891290)[0m
  ↳ bin/rails:9
  [1m[35m (0.3ms)[0m  [1m[34mSELECT pg_try_advisory_lock(8738388918895891290)[0m
  ↳ bin/rails:9
  [1m[35m (2.5ms)[0m  [1m[34mSELECT "schema_migrations"."version" FROM "schema_migrations" ORDER BY "schema_migrations"."version" ASC[0m
  ↳ bin/rails:9
Migrating to RemovePhotoFromUser (20201218015616)
  [1m[35m (0.5ms)[0m  [1m[34mSELECT pg_advisory_unlock(8738388918895891290)[0m
  ↳ bin/rails:9
  [1m[35m (3.5ms)[0m  [1m[34mSELECT "schema_migrations"."version" FROM "schema_migrations" ORDER BY "schema_migrations"."version" ASC[0m
  ↳ /home/vagrant/.rbenv/versions/2.7.1/bin/rake:23
  [1m[35m (0.5ms)[0m  [1m[34mSELECT "ar_internal_metadata"."value" FROM "ar_internal_metadata" WHERE "ar_internal_metadata"."key" = $1[0m  [["key", "environment"]]
  ↳ /home/vagrant/.rbenv/versions/2.7.1/bin/rake:23
  [1m[35m (0.4ms)[0m  [1m[34mSELECT "schema_migrations"."version" FROM "schema_migrations" ORDER BY "schema_migrations"."version" ASC[0m
  ↳ /home/vagrant/.rbenv/versions/2.7.1/bin/rake:23
  [1m[35m (1.8ms)[0m  [1m[34mSELECT "ar_internal_metadata"."value" FROM "ar_internal_metadata" WHERE "ar_internal_metadata"."key" = $1[0m  [["key", "environment"]]
  ↳ /home/vagrant/.rbenv/versions/2.7.1/bin/rake:23
  [1m[35m (0.4ms)[0m  [1m[34mSELECT "schema_migrations"."version" FROM "schema_migrations" ORDER BY "schema_migrations"."version" ASC[0m
  ↳ /home/vagrant/.rbenv/versions/2.7.1/bin/rake:23
  [1m[35m (2.0ms)[0m  [1m[34mSELECT "ar_internal_metadata"."value" FROM "ar_internal_metadata" WHERE "ar_internal_metadata"."key" = $1[0m  [["key", "environment"]]
  ↳ /home/vagrant/.rbenv/versions/2.7.1/bin/rake:23
  [1m[35m (109.2ms)[0m  [1m[35mDROP DATABASE IF EXISTS "poe_development"[0m
  ↳ /home/vagrant/.rbenv/versions/2.7.1/bin/rake:23
  [1m[35m (107.2ms)[0m  [1m[35mDROP DATABASE IF EXISTS "poe_test"[0m
  ↳ /home/vagrant/.rbenv/versions/2.7.1/bin/rake:23
  [1m[35m (246.6ms)[0m  [1m[35mCREATE DATABASE "poe_development" ENCODING = 'unicode'[0m
  ↳ /home/vagrant/.rbenv/versions/2.7.1/bin/rake:23
  [1m[35m (270.8ms)[0m  [1m[35mCREATE DATABASE "poe_test" ENCODING = 'unicode'[0m
  ↳ /home/vagrant/.rbenv/versions/2.7.1/bin/rake:23
  [1m[35mSQL (0.2ms)[0m  [1m[35mCREATE EXTENSION IF NOT EXISTS "plpgsql"[0m
  ↳ db/schema.rb:16
  [1m[35m (23.1ms)[0m  [1m[35mCREATE TABLE "schema_migrations" ("version" character varying NOT NULL PRIMARY KEY)[0m
  ↳ db/schema.rb:13
  [1m[35m (0.7ms)[0m  [1m[34mSELECT "schema_migrations"."version" FROM "schema_migrations" ORDER BY "schema_migrations"."version" ASC[0m
  ↳ db/schema.rb:13
  [1m[35m (0.9ms)[0m  [1m[32mINSERT INTO "schema_migrations" (version) VALUES (0)[0m
  ↳ db/schema.rb:13
  [1m[35m (20.4ms)[0m  [1m[35mCREATE TABLE "ar_internal_metadata" ("key" character varying NOT NULL PRIMARY KEY, "value" character varying, "created_at" timestamp NOT NULL, "updated_at" timestamp NOT NULL)[0m
  ↳ db/schema.rb:13
  [1m[36mActiveRecord::InternalMetadata Load (0.4ms)[0m  [1m[34mSELECT  "ar_internal_metadata".* FROM "ar_internal_metadata" WHERE "ar_internal_metadata"."key" = $1 LIMIT $2[0m  [["key", "environment"], ["LIMIT", 1]]
  ↳ db/schema.rb:13
  [1m[35m (0.1ms)[0m  [1m[35mBEGIN[0m
  ↳ db/schema.rb:13
  [1m[36mActiveRecord::InternalMetadata Create (0.4ms)[0m  [1m[32mINSERT INTO "ar_internal_metadata" ("key", "value", "created_at", "updated_at") VALUES ($1, $2, $3, $4) RETURNING "key"[0m  [["key", "environment"], ["value", "development"], ["created_at", "2020-12-18 02:11:41.891631"], ["updated_at", "2020-12-18 02:11:41.891631"]]
  ↳ db/schema.rb:13
  [1m[35m (0.4ms)[0m  [1m[35mCOMMIT[0m
  ↳ db/schema.rb:13
  [1m[36mActiveRecord::InternalMetadata Load (0.4ms)[0m  [1m[34mSELECT  "ar_internal_metadata".* FROM "ar_internal_metadata" WHERE "ar_internal_metadata"."key" = $1 LIMIT $2[0m  [["key", "environment"], ["LIMIT", 1]]
  ↳ /home/vagrant/.rbenv/versions/2.7.1/bin/rake:23
  [1m[35m (0.2ms)[0m  [1m[35mBEGIN[0m
  ↳ /home/vagrant/.rbenv/versions/2.7.1/bin/rake:23
  [1m[35m (0.2ms)[0m  [1m[35mCOMMIT[0m
  ↳ /home/vagrant/.rbenv/versions/2.7.1/bin/rake:23
  [1m[35mSQL (0.3ms)[0m  [1m[35mCREATE EXTENSION IF NOT EXISTS "plpgsql"[0m
  ↳ db/schema.rb:16
  [1m[35m (23.3ms)[0m  [1m[35mCREATE TABLE "schema_migrations" ("version" character varying NOT NULL PRIMARY KEY)[0m
  ↳ db/schema.rb:13
  [1m[35m (1.1ms)[0m  [1m[34mSELECT "schema_migrations"."version" FROM "schema_migrations" ORDER BY "schema_migrations"."version" ASC[0m
  ↳ db/schema.rb:13
  [1m[35m (1.0ms)[0m  [1m[32mINSERT INTO "schema_migrations" (version) VALUES (0)[0m
  ↳ db/schema.rb:13
  [1m[35m (23.9ms)[0m  [1m[35mCREATE TABLE "ar_internal_metadata" ("key" character varying NOT NULL PRIMARY KEY, "value" character varying, "created_at" timestamp NOT NULL, "updated_at" timestamp NOT NULL)[0m
  ↳ db/schema.rb:13
  [1m[36mActiveRecord::InternalMetadata Load (0.5ms)[0m  [1m[34mSELECT  "ar_internal_metadata".* FROM "ar_internal_metadata" WHERE "ar_internal_metadata"."key" = $1 LIMIT $2[0m  [["key", "environment"], ["LIMIT", 1]]
  ↳ db/schema.rb:13
  [1m[35m (0.3ms)[0m  [1m[35mBEGIN[0m
  ↳ db/schema.rb:13
  [1m[36mActiveRecord::InternalMetadata Create (0.5ms)[0m  [1m[32mINSERT INTO "ar_internal_metadata" ("key", "value", "created_at", "updated_at") VALUES ($1, $2, $3, $4) RETURNING "key"[0m  [["key", "environment"], ["value", "development"], ["created_at", "2020-12-18 02:11:41.997836"], ["updated_at", "2020-12-18 02:11:41.997836"]]
  ↳ db/schema.rb:13
  [1m[35m (0.5ms)[0m  [1m[35mCOMMIT[0m
  ↳ db/schema.rb:13
  [1m[36mActiveRecord::InternalMetadata Load (0.4ms)[0m  [1m[34mSELECT  "ar_internal_metadata".* FROM "ar_internal_metadata" WHERE "ar_internal_metadata"."key" = $1 LIMIT $2[0m  [["key", "environment"], ["LIMIT", 1]]
  ↳ /home/vagrant/.rbenv/versions/2.7.1/bin/rake:23
  [1m[35m (0.4ms)[0m  [1m[35mBEGIN[0m
  ↳ /home/vagrant/.rbenv/versions/2.7.1/bin/rake:23
  [1m[36mActiveRecord::InternalMetadata Update (0.6ms)[0m  [1m[33mUPDATE "ar_internal_metadata" SET "value" = $1, "updated_at" = $2 WHERE "ar_internal_metadata"."key" = $3[0m  [["value", "test"], ["updated_at", "2020-12-18 02:11:42.005154"], ["key", "environment"]]
  ↳ /home/vagrant/.rbenv/versions/2.7.1/bin/rake:23
  [1m[35m (0.5ms)[0m  [1m[35mCOMMIT[0m
  ↳ /home/vagrant/.rbenv/versions/2.7.1/bin/rake:23
  [1m[35m (0.9ms)[0m  [1m[34mSELECT "schema_migrations"."version" FROM "schema_migrations" ORDER BY "schema_migrations"."version" ASC[0m
  ↳ /home/vagrant/.rbenv/versions/2.7.1/bin/rake:23
  [1m[35m (0.5ms)[0m  [1m[34mSELECT pg_try_advisory_lock(8738388918895891290)[0m
  ↳ bin/rails:9
  [1m[35m (1.2ms)[0m  [1m[34mSELECT "schema_migrations"."version" FROM "schema_migrations" ORDER BY "schema_migrations"."version" ASC[0m
  ↳ bin/rails:9
Migrating to CreateTags (20201218012452)
  [1m[35m (2.6ms)[0m  [1m[35mBEGIN[0m
  ↳ bin/rails:9
  [1m[35m (13.3ms)[0m  [1m[35mCREATE TABLE "tags" ("id" bigserial primary key, "name" character varying, "created_at" timestamp NOT NULL, "updated_at" timestamp NOT NULL)[0m
  ↳ db/migrate/20201218012452_create_tags.rb:3
  [1m[36mActiveRecord::SchemaMigration Create (0.5ms)[0m  [1m[32mINSERT INTO "schema_migrations" ("version") VALUES ($1) RETURNING "version"[0m  [["version", "20201218012452"]]
  ↳ bin/rails:9
  [1m[35m (0.9ms)[0m  [1m[35mCOMMIT[0m
  ↳ bin/rails:9
Migrating to RemovePhotoFromUser (20201218015616)
  [1m[35m (0.6ms)[0m  [1m[34mSELECT pg_advisory_unlock(8738388918895891290)[0m
  ↳ bin/rails:9
  [1m[35m (0.4ms)[0m  [1m[34mSELECT pg_try_advisory_lock(8738388918895891290)[0m
  ↳ bin/rails:9
  [1m[35m (22.1ms)[0m  [1m[34mSELECT "schema_migrations"."version" FROM "schema_migrations" ORDER BY "schema_migrations"."version" ASC[0m
  ↳ bin/rails:9
Migrating to RemovePhotoFromUser (20201218015616)
  [1m[35m (0.5ms)[0m  [1m[34mSELECT pg_advisory_unlock(8738388918895891290)[0m
  ↳ bin/rails:9
  [1m[35m (0.4ms)[0m  [1m[34mSELECT pg_try_advisory_lock(8738388918895891290)[0m
  ↳ bin/rails:9
  [1m[35m (0.6ms)[0m  [1m[34mSELECT "schema_migrations"."version" FROM "schema_migrations" ORDER BY "schema_migrations"."version" ASC[0m
  ↳ bin/rails:9
Migrating to CreateUsers (20201218015728)
  [1m[35m (0.2ms)[0m  [1m[35mBEGIN[0m
  ↳ bin/rails:9
  [1m[35m (12.4ms)[0m  [1m[35mCREATE TABLE "users" ("id" bigserial primary key, "full_name" character varying, "username" character varying, "bio" text, "password_hash" character varying, "created_at" timestamp NOT NULL, "updated_at" timestamp NOT NULL)[0m
  ↳ db/migrate/20201218015728_create_users.rb:3
  [1m[36mActiveRecord::SchemaMigration Create (0.7ms)[0m  [1m[32mINSERT INTO "schema_migrations" ("version") VALUES ($1) RETURNING "version"[0m  [["version", "20201218015728"]]
  ↳ bin/rails:9
  [1m[35m (3.0ms)[0m  [1m[35mCOMMIT[0m
  ↳ bin/rails:9
  [1m[36mActiveRecord::InternalMetadata Load (0.4ms)[0m  [1m[34mSELECT  "ar_internal_metadata".* FROM "ar_internal_metadata" WHERE "ar_internal_metadata"."key" = $1 LIMIT $2[0m  [["key", "environment"], ["LIMIT", 1]]
  ↳ bin/rails:9
  [1m[35m (0.4ms)[0m  [1m[35mBEGIN[0m
  ↳ bin/rails:9
  [1m[35m (1.9ms)[0m  [1m[35mCOMMIT[0m
  ↳ bin/rails:9
  [1m[35m (0.4ms)[0m  [1m[34mSELECT pg_advisory_unlock(8738388918895891290)[0m
  ↳ bin/rails:9
  [1m[35m (0.4ms)[0m  [1m[34mSELECT "schema_migrations"."version" FROM "schema_migrations" ORDER BY "schema_migrations"."version" ASC[0m
  ↳ bin/rails:9
  [1m[35m (0.5ms)[0m  [1m[34mSELECT pg_try_advisory_lock(8738388918895891290)[0m
  ↳ bin/rails:9
  [1m[35m (0.8ms)[0m  [1m[34mSELECT "schema_migrations"."version" FROM "schema_migrations" ORDER BY "schema_migrations"."version" ASC[0m
  ↳ bin/rails:9
Migrating to CreatePosts (20201218021314)
  [1m[35m (0.2ms)[0m  [1m[35mBEGIN[0m
  ↳ bin/rails:9
  [1m[35m (13.3ms)[0m  [1m[35mCREATE TABLE "posts" ("id" bigserial primary key, "author" character varying, "text" text, "timestamp" timestamp, "user_id" bigint, "created_at" timestamp NOT NULL, "updated_at" timestamp NOT NULL, CONSTRAINT "fk_rails_5b5ddfd518"
FOREIGN KEY ("user_id")
  REFERENCES "users" ("id")
)[0m
  ↳ db/migrate/20201218021314_create_posts.rb:3
  [1m[35m (3.6ms)[0m  [1m[35mCREATE  INDEX  "index_posts_on_user_id" ON "posts"  ("user_id")[0m
  ↳ db/migrate/20201218021314_create_posts.rb:3
  [1m[36mActiveRecord::SchemaMigration Create (0.5ms)[0m  [1m[32mINSERT INTO "schema_migrations" ("version") VALUES ($1) RETURNING "version"[0m  [["version", "20201218021314"]]
  ↳ bin/rails:9
  [1m[35m (3.2ms)[0m  [1m[35mCOMMIT[0m
  ↳ bin/rails:9
  [1m[36mActiveRecord::InternalMetadata Load (0.5ms)[0m  [1m[34mSELECT  "ar_internal_metadata".* FROM "ar_internal_metadata" WHERE "ar_internal_metadata"."key" = $1 LIMIT $2[0m  [["key", "environment"], ["LIMIT", 1]]
  ↳ bin/rails:9
  [1m[35m (0.5ms)[0m  [1m[35mBEGIN[0m
  ↳ bin/rails:9
  [1m[35m (0.6ms)[0m  [1m[35mCOMMIT[0m
  ↳ bin/rails:9
  [1m[35m (0.8ms)[0m  [1m[34mSELECT pg_advisory_unlock(8738388918895891290)[0m
  ↳ bin/rails:9
  [1m[35m (0.7ms)[0m  [1m[34mSELECT "schema_migrations"."version" FROM "schema_migrations" ORDER BY "schema_migrations"."version" ASC[0m
  ↳ bin/rails:9
  [1m[35m (0.6ms)[0m  [1m[34mSELECT pg_try_advisory_lock(8738388918895891290)[0m
  ↳ bin/rails:9
  [1m[35m (1.1ms)[0m  [1m[34mSELECT "schema_migrations"."version" FROM "schema_migrations" ORDER BY "schema_migrations"."version" ASC[0m
  ↳ bin/rails:9
Migrating to CreateAssociations (20201218021402)
  [1m[35m (1.4ms)[0m  [1m[35mBEGIN[0m
  ↳ bin/rails:9
  [1m[35m (4.4ms)[0m  [1m[35mCREATE TABLE "associations" ("id" bigserial primary key, "post_id" bigint, "tag_id" bigint, "created_at" timestamp NOT NULL, "updated_at" timestamp NOT NULL, CONSTRAINT "fk_rails_453399c73e"
FOREIGN KEY ("post_id")
  REFERENCES "posts" ("id")
, CONSTRAINT "fk_rails_2268726cbc"
FOREIGN KEY ("tag_id")
  REFERENCES "tags" ("id")
)[0m
  ↳ db/migrate/20201218021402_create_associations.rb:3
  [1m[35m (3.2ms)[0m  [1m[35mCREATE  INDEX  "index_associations_on_post_id" ON "associations"  ("post_id")[0m
  ↳ db/migrate/20201218021402_create_associations.rb:3
  [1m[35m (6.9ms)[0m  [1m[35mCREATE  INDEX  "index_associations_on_tag_id" ON "associations"  ("tag_id")[0m
  ↳ db/migrate/20201218021402_create_associations.rb:3
  [1m[36mActiveRecord::SchemaMigration Create (0.3ms)[0m  [1m[32mINSERT INTO "schema_migrations" ("version") VALUES ($1) RETURNING "version"[0m  [["version", "20201218021402"]]
  ↳ bin/rails:9
  [1m[35m (4.8ms)[0m  [1m[35mCOMMIT[0m
  ↳ bin/rails:9
  [1m[36mActiveRecord::InternalMetadata Load (0.4ms)[0m  [1m[34mSELECT  "ar_internal_metadata".* FROM "ar_internal_metadata" WHERE "ar_internal_metadata"."key" = $1 LIMIT $2[0m  [["key", "environment"], ["LIMIT", 1]]
  ↳ bin/rails:9
  [1m[35m (0.2ms)[0m  [1m[35mBEGIN[0m
  ↳ bin/rails:9
  [1m[35m (0.1ms)[0m  [1m[35mCOMMIT[0m
  ↳ bin/rails:9
  [1m[35m (0.2ms)[0m  [1m[34mSELECT pg_advisory_unlock(8738388918895891290)[0m
  ↳ bin/rails:9
  [1m[35m (0.2ms)[0m  [1m[34mSELECT "schema_migrations"."version" FROM "schema_migrations" ORDER BY "schema_migrations"."version" ASC[0m
  ↳ bin/rails:9
  [1m[35m (0.5ms)[0m  [1m[34mSELECT pg_try_advisory_lock(8738388918895891290)[0m
  ↳ bin/rails:9
  [1m[35m (0.9ms)[0m  [1m[34mSELECT "schema_migrations"."version" FROM "schema_migrations" ORDER BY "schema_migrations"."version" ASC[0m
  ↳ bin/rails:9
  [1m[36mActiveRecord::InternalMetadata Load (1.5ms)[0m  [1m[34mSELECT  "ar_internal_metadata".* FROM "ar_internal_metadata" WHERE "ar_internal_metadata"."key" = $1 LIMIT $2[0m  [["key", "environment"], ["LIMIT", 1]]
  ↳ bin/rails:9
  [1m[35m (0.3ms)[0m  [1m[35mBEGIN[0m
  ↳ bin/rails:9
  [1m[35m (2.1ms)[0m  [1m[35mCOMMIT[0m
  ↳ bin/rails:9
  [1m[35m (0.5ms)[0m  [1m[34mSELECT pg_advisory_unlock(8738388918895891290)[0m
  ↳ bin/rails:9
  [1m[35m (0.3ms)[0m  [1m[34mSELECT "schema_migrations"."version" FROM "schema_migrations" ORDER BY "schema_migrations"."version" ASC[0m
  ↳ bin/rails:9
  [1m[35m (0.3ms)[0m  [1m[34mSELECT pg_try_advisory_lock(8738388918895891290)[0m
  ↳ bin/rails:9
  [1m[35m (3.2ms)[0m  [1m[34mSELECT "schema_migrations"."version" FROM "schema_migrations" ORDER BY "schema_migrations"."version" ASC[0m
  ↳ bin/rails:9
  [1m[36mActiveRecord::InternalMetadata Load (0.8ms)[0m  [1m[34mSELECT  "ar_internal_metadata".* FROM "ar_internal_metadata" WHERE "ar_internal_metadata"."key" = $1 LIMIT $2[0m  [["key", "environment"], ["LIMIT", 1]]
  ↳ bin/rails:9
  [1m[35m (0.3ms)[0m  [1m[35mBEGIN[0m
  ↳ bin/rails:9
  [1m[35m (0.5ms)[0m  [1m[35mCOMMIT[0m
  ↳ bin/rails:9
  [1m[35m (0.3ms)[0m  [1m[34mSELECT pg_advisory_unlock(8738388918895891290)[0m
  ↳ bin/rails:9
  [1m[35m (0.3ms)[0m  [1m[34mSELECT "schema_migrations"."version" FROM "schema_migrations" ORDER BY "schema_migrations"."version" ASC[0m
  ↳ bin/rails:9
  [1m[35m (1.2ms)[0m  [1m[34mSELECT pg_try_advisory_lock(8738388918895891290)[0m
  ↳ bin/rails:9
  [1m[35m (2.5ms)[0m  [1m[34mSELECT "schema_migrations"."version" FROM "schema_migrations" ORDER BY "schema_migrations"."version" ASC[0m
  ↳ bin/rails:9
  [1m[36mActiveRecord::InternalMetadata Load (2.5ms)[0m  [1m[34mSELECT  "ar_internal_metadata".* FROM "ar_internal_metadata" WHERE "ar_internal_metadata"."key" = $1 LIMIT $2[0m  [["key", "environment"], ["LIMIT", 1]]
  ↳ bin/rails:9
  [1m[35m (0.6ms)[0m  [1m[35mBEGIN[0m
  ↳ bin/rails:9
  [1m[35m (3.9ms)[0m  [1m[35mCOMMIT[0m
  ↳ bin/rails:9
  [1m[35m (0.7ms)[0m  [1m[34mSELECT pg_advisory_unlock(8738388918895891290)[0m
  ↳ bin/rails:9
  [1m[35m (1.2ms)[0m  [1m[34mSELECT "schema_migrations"."version" FROM "schema_migrations" ORDER BY "schema_migrations"."version" ASC[0m
  ↳ bin/rails:9
  [1m[35m (0.5ms)[0m  [1m[34mSELECT pg_try_advisory_lock(8738388918895891290)[0m
  ↳ bin/rails:9
  [1m[35m (1.4ms)[0m  [1m[34mSELECT "schema_migrations"."version" FROM "schema_migrations" ORDER BY "schema_migrations"."version" ASC[0m
  ↳ bin/rails:9
  [1m[36mActiveRecord::InternalMetadata Load (0.4ms)[0m  [1m[34mSELECT  "ar_internal_metadata".* FROM "ar_internal_metadata" WHERE "ar_internal_metadata"."key" = $1 LIMIT $2[0m  [["key", "environment"], ["LIMIT", 1]]
  ↳ bin/rails:9
  [1m[35m (0.2ms)[0m  [1m[35mBEGIN[0m
  ↳ bin/rails:9
  [1m[35m (3.1ms)[0m  [1m[35mCOMMIT[0m
  ↳ bin/rails:9
  [1m[35m (0.4ms)[0m  [1m[34mSELECT pg_advisory_unlock(8738388918895891290)[0m
  ↳ bin/rails:9
  [1m[35m (0.7ms)[0m  [1m[34mSELECT "schema_migrations"."version" FROM "schema_migrations" ORDER BY "schema_migrations"."version" ASC[0m
  ↳ bin/rails:9
  [1m[36mTag Load (0.4ms)[0m  [1m[34mSELECT  "tags".* FROM "tags" LIMIT $1[0m  [["LIMIT", 11]]
  [1m[35m (0.5ms)[0m  [1m[35mBEGIN[0m
  [1m[36mTag Create (0.9ms)[0m  [1m[32mINSERT INTO "tags" ("name", "created_at", "updated_at") VALUES ($1, $2, $3) RETURNING "id"[0m  [["name", "art"], ["created_at", "2020-12-18 02:39:06.293882"], ["updated_at", "2020-12-18 02:39:06.293882"]]
  [1m[35m (0.6ms)[0m  [1m[35mCOMMIT[0m
  [1m[36mTag Load (0.3ms)[0m  [1m[34mSELECT  "tags".* FROM "tags" LIMIT $1[0m  [["LIMIT", 11]]
  [1m[35m (0.4ms)[0m  [1m[35mBEGIN[0m
  [1m[35m (0.5ms)[0m  [1m[31mROLLBACK[0m
  [1m[36mPost Load (0.5ms)[0m  [1m[34mSELECT  "posts".* FROM "posts" LIMIT $1[0m  [["LIMIT", 11]]
  [1m[35m (0.3ms)[0m  [1m[35mBEGIN[0m
  [1m[35m (0.6ms)[0m  [1m[31mROLLBACK[0m
  [1m[36mPost Load (0.6ms)[0m  [1m[34mSELECT  "posts".* FROM "posts" LIMIT $1[0m  [["LIMIT", 11]]
  [1m[35m (0.6ms)[0m  [1m[35mBEGIN[0m
  [1m[35m (0.4ms)[0m  [1m[31mROLLBACK[0m
  [1m[35m (0.5ms)[0m  [1m[34mSELECT pg_try_advisory_lock(8738388918895891290)[0m
  ↳ bin/rails:9
  [1m[35m (3.5ms)[0m  [1m[34mSELECT "schema_migrations"."version" FROM "schema_migrations" ORDER BY "schema_migrations"."version" ASC[0m
  ↳ bin/rails:9
  [1m[36mActiveRecord::InternalMetadata Load (0.4ms)[0m  [1m[34mSELECT  "ar_internal_metadata".* FROM "ar_internal_metadata" WHERE "ar_internal_metadata"."key" = $1 LIMIT $2[0m  [["key", "environment"], ["LIMIT", 1]]
  ↳ bin/rails:9
  [1m[35m (0.3ms)[0m  [1m[35mBEGIN[0m
  ↳ bin/rails:9
  [1m[35m (0.3ms)[0m  [1m[35mCOMMIT[0m
  ↳ bin/rails:9
  [1m[35m (0.4ms)[0m  [1m[34mSELECT pg_advisory_unlock(8738388918895891290)[0m
  ↳ bin/rails:9
  [1m[35m (0.4ms)[0m  [1m[34mSELECT "schema_migrations"."version" FROM "schema_migrations" ORDER BY "schema_migrations"."version" ASC[0m
  ↳ bin/rails:9
  [1m[35m (0.5ms)[0m  [1m[35mBEGIN[0m
  [1m[35m (0.5ms)[0m  [1m[31mROLLBACK[0m
  [1m[36mPost Load (0.4ms)[0m  [1m[34mSELECT  "posts".* FROM "posts" LIMIT $1[0m  [["LIMIT", 11]]
  [1m[35m (0.3ms)[0m  [1m[35mBEGIN[0m
  [1m[35m (0.4ms)[0m  [1m[31mROLLBACK[0m
  [1m[35m (1.0ms)[0m  [1m[35mBEGIN[0m
  [1m[36mTag Create (1.4ms)[0m  [1m[32mINSERT INTO "tags" ("name", "created_at", "updated_at") VALUES ($1, $2, $3) RETURNING "id"[0m  [["name", "art"], ["created_at", "2020-12-18 02:45:15.831932"], ["updated_at", "2020-12-18 02:45:15.831932"]]
  [1m[35m (3.9ms)[0m  [1m[35mCOMMIT[0m
  [1m[35m (0.4ms)[0m  [1m[34mSELECT pg_try_advisory_lock(8738388918895891290)[0m
  ↳ bin/rails:9
  [1m[35m (1.6ms)[0m  [1m[34mSELECT "schema_migrations"."version" FROM "schema_migrations" ORDER BY "schema_migrations"."version" ASC[0m
  ↳ bin/rails:9
Migrating to RemoveTimestampFromPost (20201218024732)
  [1m[35m (1.0ms)[0m  [1m[35mBEGIN[0m
  ↳ bin/rails:9
  [1m[35m (1.6ms)[0m  [1m[35mALTER TABLE "posts" DROP COLUMN "timestamp"[0m
  ↳ db/migrate/20201218024732_remove_timestamp_from_post.rb:3
  [1m[36mActiveRecord::SchemaMigration Create (2.1ms)[0m  [1m[32mINSERT INTO "schema_migrations" ("version") VALUES ($1) RETURNING "version"[0m  [["version", "20201218024732"]]
  ↳ bin/rails:9
  [1m[35m (0.6ms)[0m  [1m[35mCOMMIT[0m
  ↳ bin/rails:9
  [1m[36mActiveRecord::InternalMetadata Load (0.7ms)[0m  [1m[34mSELECT  "ar_internal_metadata".* FROM "ar_internal_metadata" WHERE "ar_internal_metadata"."key" = $1 LIMIT $2[0m  [["key", "environment"], ["LIMIT", 1]]
  ↳ bin/rails:9
  [1m[35m (2.0ms)[0m  [1m[35mBEGIN[0m
  ↳ bin/rails:9
  [1m[35m (0.3ms)[0m  [1m[35mCOMMIT[0m
  ↳ bin/rails:9
  [1m[35m (0.3ms)[0m  [1m[34mSELECT pg_advisory_unlock(8738388918895891290)[0m
  ↳ bin/rails:9
  [1m[35m (3.6ms)[0m  [1m[34mSELECT "schema_migrations"."version" FROM "schema_migrations" ORDER BY "schema_migrations"."version" ASC[0m
  ↳ bin/rails:9
  [1m[35m (1.3ms)[0m  [1m[35mBEGIN[0m
  [1m[35m (0.4ms)[0m  [1m[31mROLLBACK[0m
  [1m[35m (0.5ms)[0m  [1m[35mBEGIN[0m
  [1m[35m (0.9ms)[0m  [1m[31mROLLBACK[0m
  [1m[35m (0.2ms)[0m  [1m[35mBEGIN[0m
  [1m[36mUser Create (1.1ms)[0m  [1m[32mINSERT INTO "users" ("full_name", "username", "bio", "password_hash", "created_at", "updated_at") VALUES ($1, $2, $3, $4, $5, $6) RETURNING "id"[0m  [["full_name", "gfege"], ["username", "wjabng"], ["bio", "sgg"], ["password_hash", "sdf"], ["created_at", "2020-12-18 02:50:54.637629"], ["updated_at", "2020-12-18 02:50:54.637629"]]
  [1m[35m (0.7ms)[0m  [1m[35mCOMMIT[0m
  [1m[36mUser Load (0.4ms)[0m  [1m[34mSELECT  "users".* FROM "users" LIMIT $1[0m  [["LIMIT", 11]]
  [1m[35m (0.2ms)[0m  [1m[35mBEGIN[0m
  [1m[36mPost Create (0.8ms)[0m  [1m[32mINSERT INTO "posts" ("author", "text", "user_id", "created_at", "updated_at") VALUES ($1, $2, $3, $4, $5) RETURNING "id"[0m  [["author", "jill"], ["text", "hi"], ["user_id", 1], ["created_at", "2020-12-18 02:51:17.990472"], ["updated_at", "2020-12-18 02:51:17.990472"]]
  [1m[35m (0.7ms)[0m  [1m[35mCOMMIT[0m
  [1m[36mPost Load (0.2ms)[0m  [1m[34mSELECT  "posts".* FROM "posts" LIMIT $1[0m  [["LIMIT", 11]]
  [1m[35m (2.0ms)[0m  [1m[34mSELECT pg_try_advisory_lock(8738388918895891290)[0m
  ↳ bin/rails:9
  [1m[35m (0.8ms)[0m  [1m[34mSELECT "schema_migrations"."version" FROM "schema_migrations" ORDER BY "schema_migrations"."version" ASC[0m
  ↳ bin/rails:9
  [1m[36mActiveRecord::InternalMetadata Load (0.6ms)[0m  [1m[34mSELECT  "ar_internal_metadata".* FROM "ar_internal_metadata" WHERE "ar_internal_metadata"."key" = $1 LIMIT $2[0m  [["key", "environment"], ["LIMIT", 1]]
  ↳ bin/rails:9
  [1m[35m (0.2ms)[0m  [1m[35mBEGIN[0m
  ↳ bin/rails:9
  [1m[35m (2.1ms)[0m  [1m[35mCOMMIT[0m
  ↳ bin/rails:9
  [1m[35m (1.8ms)[0m  [1m[34mSELECT pg_advisory_unlock(8738388918895891290)[0m
  ↳ bin/rails:9
  [1m[35m (1.3ms)[0m  [1m[34mSELECT "schema_migrations"."version" FROM "schema_migrations" ORDER BY "schema_migrations"."version" ASC[0m
  ↳ bin/rails:9
  [1m[35m (0.5ms)[0m  [1m[35mBEGIN[0m
  [1m[35m (0.4ms)[0m  [1m[31mROLLBACK[0m
  [1m[36mUser Load (0.5ms)[0m  [1m[34mSELECT  "users".* FROM "users" LIMIT $1[0m  [["LIMIT", 11]]
  [1m[35m (0.2ms)[0m  [1m[35mBEGIN[0m
  [1m[35m (0.2ms)[0m  [1m[31mROLLBACK[0m
Started GET "/sign_in" for 10.0.2.2 at 2020-12-18 03:52:16 +0000
Cannot render console from 10.0.2.2! Allowed networks: 127.0.0.1, ::1, 127.0.0.0/127.255.255.255
  [1m[35m (0.9ms)[0m  [1m[34mSELECT "schema_migrations"."version" FROM "schema_migrations" ORDER BY "schema_migrations"."version" ASC[0m
  ↳ /home/vagrant/.rbenv/versions/2.7.1/lib/ruby/gems/2.7.0/gems/activerecord-5.2.4.4/lib/active_record/log_subscriber.rb:98
  
ActiveRecord::PendingMigrationError (

Migrations are pending. To resolve this issue, run:

        bin/rails db:migrate RAILS_ENV=development

):
  
activerecord (5.2.4.4) lib/active_record/migration.rb:579:in `check_pending!'
activerecord (5.2.4.4) lib/active_record/migration.rb:556:in `call'
actionpack (5.2.4.4) lib/action_dispatch/middleware/callbacks.rb:28:in `block in call'
activesupport (5.2.4.4) lib/active_support/callbacks.rb:98:in `run_callbacks'
actionpack (5.2.4.4) lib/action_dispatch/middleware/callbacks.rb:26:in `call'
actionpack (5.2.4.4) lib/action_dispatch/middleware/executor.rb:14:in `call'
actionpack (5.2.4.4) lib/action_dispatch/middleware/debug_exceptions.rb:61:in `call'
web-console (3.7.0) lib/web_console/middleware.rb:135:in `call_app'
web-console (3.7.0) lib/web_console/middleware.rb:22:in `block in call'
web-console (3.7.0) lib/web_console/middleware.rb:20:in `catch'
web-console (3.7.0) lib/web_console/middleware.rb:20:in `call'
actionpack (5.2.4.4) lib/action_dispatch/middleware/show_exceptions.rb:33:in `call'
railties (5.2.4.4) lib/rails/rack/logger.rb:38:in `call_app'
railties (5.2.4.4) lib/rails/rack/logger.rb:26:in `block in call'
activesupport (5.2.4.4) lib/active_support/tagged_logging.rb:71:in `block in tagged'
activesupport (5.2.4.4) lib/active_support/tagged_logging.rb:28:in `tagged'
activesupport (5.2.4.4) lib/active_support/tagged_logging.rb:71:in `tagged'
railties (5.2.4.4) lib/rails/rack/logger.rb:26:in `call'
sprockets-rails (3.2.2) lib/sprockets/rails/quiet_assets.rb:13:in `call'
actionpack (5.2.4.4) lib/action_dispatch/middleware/remote_ip.rb:81:in `call'
actionpack (5.2.4.4) lib/action_dispatch/middleware/request_id.rb:27:in `call'
rack (2.2.3) lib/rack/method_override.rb:24:in `call'
rack (2.2.3) lib/rack/runtime.rb:22:in `call'
activesupport (5.2.4.4) lib/active_support/cache/strategy/local_cache_middleware.rb:29:in `call'
actionpack (5.2.4.4) lib/action_dispatch/middleware/executor.rb:14:in `call'
actionpack (5.2.4.4) lib/action_dispatch/middleware/static.rb:127:in `call'
rack (2.2.3) lib/rack/sendfile.rb:110:in `call'
railties (5.2.4.4) lib/rails/engine.rb:524:in `call'
puma (3.12.6) lib/puma/configuration.rb:227:in `call'
puma (3.12.6) lib/puma/server.rb:706:in `handle_request'
puma (3.12.6) lib/puma/server.rb:476:in `process_client'
puma (3.12.6) lib/puma/server.rb:334:in `block in run'
puma (3.12.6) lib/puma/thread_pool.rb:135:in `block in spawn_thread'
  [1m[35m (0.1ms)[0m  [1m[34mSELECT pg_try_advisory_lock(8738388918895891290)[0m
  ↳ bin/rails:9
  [1m[35m (2.9ms)[0m  [1m[34mSELECT "schema_migrations"."version" FROM "schema_migrations" ORDER BY "schema_migrations"."version" ASC[0m
  ↳ bin/rails:9
Migrating to AddDeviseToUsers (20201218035104)
  [1m[35m (0.8ms)[0m  [1m[35mBEGIN[0m
  ↳ bin/rails:9
  [1m[35m (18.9ms)[0m  [1m[35mALTER TABLE "users" ADD "email" character varying DEFAULT '' NOT NULL[0m
  ↳ db/migrate/20201218035104_add_devise_to_users.rb:7
  [1m[35m (17.8ms)[0m  [1m[35mALTER TABLE "users" ADD "encrypted_password" character varying DEFAULT '' NOT NULL[0m
  ↳ db/migrate/20201218035104_add_devise_to_users.rb:8
  [1m[35m (0.4ms)[0m  [1m[35mALTER TABLE "users" ADD "reset_password_token" character varying[0m
  ↳ db/migrate/20201218035104_add_devise_to_users.rb:11
  [1m[35m (0.3ms)[0m  [1m[35mALTER TABLE "users" ADD "reset_password_sent_at" timestamp[0m
  ↳ db/migrate/20201218035104_add_devise_to_users.rb:12
  [1m[35m (0.3ms)[0m  [1m[35mALTER TABLE "users" ADD "remember_created_at" timestamp[0m
  ↳ db/migrate/20201218035104_add_devise_to_users.rb:15
  [1m[35m (4.5ms)[0m  [1m[35mCREATE UNIQUE INDEX  "index_users_on_email" ON "users"  ("email")[0m
  ↳ db/migrate/20201218035104_add_devise_to_users.rb:40
  [1m[35m (9.6ms)[0m  [1m[35mCREATE UNIQUE INDEX  "index_users_on_reset_password_token" ON "users"  ("reset_password_token")[0m
  ↳ db/migrate/20201218035104_add_devise_to_users.rb:41
  [1m[36mActiveRecord::SchemaMigration Create (0.4ms)[0m  [1m[32mINSERT INTO "schema_migrations" ("version") VALUES ($1) RETURNING "version"[0m  [["version", "20201218035104"]]
  ↳ bin/rails:9
  [1m[35m (5.8ms)[0m  [1m[35mCOMMIT[0m
  ↳ bin/rails:9
  [1m[36mActiveRecord::InternalMetadata Load (2.0ms)[0m  [1m[34mSELECT  "ar_internal_metadata".* FROM "ar_internal_metadata" WHERE "ar_internal_metadata"."key" = $1 LIMIT $2[0m  [["key", "environment"], ["LIMIT", 1]]
  ↳ bin/rails:9
  [1m[35m (0.6ms)[0m  [1m[35mBEGIN[0m
  ↳ bin/rails:9
  [1m[35m (0.9ms)[0m  [1m[35mCOMMIT[0m
  ↳ bin/rails:9
  [1m[35m (0.4ms)[0m  [1m[34mSELECT pg_advisory_unlock(8738388918895891290)[0m
  ↳ bin/rails:9
  [1m[35m (0.3ms)[0m  [1m[34mSELECT "schema_migrations"."version" FROM "schema_migrations" ORDER BY "schema_migrations"."version" ASC[0m
  ↳ bin/rails:9
Started GET "/sign_in" for 10.0.2.2 at 2020-12-18 03:52:41 +0000
Cannot render console from 10.0.2.2! Allowed networks: 127.0.0.1, ::1, 127.0.0.0/127.255.255.255
  [1m[35m (0.8ms)[0m  [1m[34mSELECT "schema_migrations"."version" FROM "schema_migrations" ORDER BY "schema_migrations"."version" ASC[0m
  ↳ /home/vagrant/.rbenv/versions/2.7.1/lib/ruby/gems/2.7.0/gems/activerecord-5.2.4.4/lib/active_record/log_subscriber.rb:98
  
ActionController::RoutingError (No route matches [GET] "/sign_in"):
  
actionpack (5.2.4.4) lib/action_dispatch/middleware/debug_exceptions.rb:65:in `call'
web-console (3.7.0) lib/web_console/middleware.rb:135:in `call_app'
web-console (3.7.0) lib/web_console/middleware.rb:22:in `block in call'
web-console (3.7.0) lib/web_console/middleware.rb:20:in `catch'
web-console (3.7.0) lib/web_console/middleware.rb:20:in `call'
actionpack (5.2.4.4) lib/action_dispatch/middleware/show_exceptions.rb:33:in `call'
railties (5.2.4.4) lib/rails/rack/logger.rb:38:in `call_app'
railties (5.2.4.4) lib/rails/rack/logger.rb:26:in `block in call'
activesupport (5.2.4.4) lib/active_support/tagged_logging.rb:71:in `block in tagged'
activesupport (5.2.4.4) lib/active_support/tagged_logging.rb:28:in `tagged'
activesupport (5.2.4.4) lib/active_support/tagged_logging.rb:71:in `tagged'
railties (5.2.4.4) lib/rails/rack/logger.rb:26:in `call'
sprockets-rails (3.2.2) lib/sprockets/rails/quiet_assets.rb:13:in `call'
actionpack (5.2.4.4) lib/action_dispatch/middleware/remote_ip.rb:81:in `call'
actionpack (5.2.4.4) lib/action_dispatch/middleware/request_id.rb:27:in `call'
rack (2.2.3) lib/rack/method_override.rb:24:in `call'
rack (2.2.3) lib/rack/runtime.rb:22:in `call'
activesupport (5.2.4.4) lib/active_support/cache/strategy/local_cache_middleware.rb:29:in `call'
actionpack (5.2.4.4) lib/action_dispatch/middleware/executor.rb:14:in `call'
actionpack (5.2.4.4) lib/action_dispatch/middleware/static.rb:127:in `call'
rack (2.2.3) lib/rack/sendfile.rb:110:in `call'
railties (5.2.4.4) lib/rails/engine.rb:524:in `call'
puma (3.12.6) lib/puma/configuration.rb:227:in `call'
puma (3.12.6) lib/puma/server.rb:706:in `handle_request'
puma (3.12.6) lib/puma/server.rb:476:in `process_client'
puma (3.12.6) lib/puma/server.rb:334:in `block in run'
puma (3.12.6) lib/puma/thread_pool.rb:135:in `block in spawn_thread'
Started GET "/users/sign_in" for 10.0.2.2 at 2020-12-18 03:53:17 +0000
Cannot render console from 10.0.2.2! Allowed networks: 127.0.0.1, ::1, 127.0.0.0/127.255.255.255
Processing by Devise::SessionsController#new as HTML
  Rendering /home/vagrant/.rbenv/versions/2.7.1/lib/ruby/gems/2.7.0/gems/devise-4.7.3/app/views/devise/sessions/new.html.erb within layouts/application
  Rendered /home/vagrant/.rbenv/versions/2.7.1/lib/ruby/gems/2.7.0/gems/devise-4.7.3/app/views/devise/shared/_links.html.erb (1.3ms)
  Rendered /home/vagrant/.rbenv/versions/2.7.1/lib/ruby/gems/2.7.0/gems/devise-4.7.3/app/views/devise/sessions/new.html.erb within layouts/application (134.9ms)
  Rendered layouts/_navbar.html.erb (1.0ms)
Completed 200 OK in 1606ms (Views: 1575.8ms | ActiveRecord: 3.9ms)


Started POST "/users/sign_in" for 10.0.2.2 at 2020-12-18 03:53:27 +0000
Cannot render console from 10.0.2.2! Allowed networks: 127.0.0.1, ::1, 127.0.0.0/127.255.255.255
Processing by Devise::SessionsController#create as HTML
  Parameters: {"utf8"=>"✓", "authenticity_token"=>"kII1X3tPEcBnk6dSGTuK/rTmgIxMW9tVJ2AowDEvaRNzxwthjQpDVaR9r5dnjCX43GNGoty9flO9wl0L50hTvg==", "user"=>{"email"=>"jillpesce44@gmail.com", "password"=>"[FILTERED]", "remember_me"=>"0"}, "commit"=>"Log in"}
  [1m[36mUser Load (1.3ms)[0m  [1m[34mSELECT  "users".* FROM "users" WHERE "users"."email" = $1 ORDER BY "users"."id" ASC LIMIT $2[0m  [["email", "jillpesce44@gmail.com"], ["LIMIT", 1]]
  ↳ /home/vagrant/.rbenv/versions/2.7.1/lib/ruby/gems/2.7.0/gems/activerecord-5.2.4.4/lib/active_record/log_subscriber.rb:98
Completed 401 Unauthorized in 18ms (ActiveRecord: 1.5ms)


Processing by Devise::SessionsController#new as HTML
  Parameters: {"utf8"=>"✓", "authenticity_token"=>"kII1X3tPEcBnk6dSGTuK/rTmgIxMW9tVJ2AowDEvaRNzxwthjQpDVaR9r5dnjCX43GNGoty9flO9wl0L50hTvg==", "user"=>{"email"=>"jillpesce44@gmail.com", "password"=>"[FILTERED]", "remember_me"=>"0"}, "commit"=>"Log in"}
  Rendering /home/vagrant/.rbenv/versions/2.7.1/lib/ruby/gems/2.7.0/gems/devise-4.7.3/app/views/devise/sessions/new.html.erb within layouts/application
  Rendered /home/vagrant/.rbenv/versions/2.7.1/lib/ruby/gems/2.7.0/gems/devise-4.7.3/app/views/devise/shared/_links.html.erb (1.3ms)
  Rendered /home/vagrant/.rbenv/versions/2.7.1/lib/ruby/gems/2.7.0/gems/devise-4.7.3/app/views/devise/sessions/new.html.erb within layouts/application (25.7ms)
  Rendered layouts/_navbar.html.erb (0.7ms)
Completed 200 OK in 594ms (Views: 301.3ms | ActiveRecord: 0.0ms)


Started GET "/users/sign_up" for 10.0.2.2 at 2020-12-18 03:53:47 +0000
Cannot render console from 10.0.2.2! Allowed networks: 127.0.0.1, ::1, 127.0.0.0/127.255.255.255
Processing by Devise::RegistrationsController#new as HTML
  Rendering /home/vagrant/.rbenv/versions/2.7.1/lib/ruby/gems/2.7.0/gems/devise-4.7.3/app/views/devise/registrations/new.html.erb within layouts/application
  Rendered /home/vagrant/.rbenv/versions/2.7.1/lib/ruby/gems/2.7.0/gems/devise-4.7.3/app/views/devise/shared/_error_messages.html.erb (0.7ms)
  Rendered /home/vagrant/.rbenv/versions/2.7.1/lib/ruby/gems/2.7.0/gems/devise-4.7.3/app/views/devise/shared/_links.html.erb (0.9ms)
  Rendered /home/vagrant/.rbenv/versions/2.7.1/lib/ruby/gems/2.7.0/gems/devise-4.7.3/app/views/devise/registrations/new.html.erb within layouts/application (25.0ms)
  Rendered layouts/_navbar.html.erb (1.1ms)
Completed 200 OK in 216ms (Views: 214.3ms | ActiveRecord: 0.0ms)


Started GET "/users/sign_in" for 10.0.2.2 at 2020-12-18 03:56:44 +0000
Cannot render console from 10.0.2.2! Allowed networks: 127.0.0.1, ::1, 127.0.0.0/127.255.255.255
  [1m[35m (0.9ms)[0m  [1m[34mSELECT "schema_migrations"."version" FROM "schema_migrations" ORDER BY "schema_migrations"."version" ASC[0m
  ↳ /home/vagrant/.rbenv/versions/2.7.1/lib/ruby/gems/2.7.0/gems/activerecord-5.2.4.4/lib/active_record/log_subscriber.rb:98
Processing by Devise::SessionsController#new as HTML
  Rendering devise/sessions/new.html.erb within layouts/application
  Rendered devise/sessions/new.html.erb within layouts/application (416.4ms)
Completed 500 Internal Server Error in 554ms (ActiveRecord: 5.1ms)


  
ActionView::Template::Error (undefined method `bootstrap_form_for' for #<#<Class:0x00007fa2804a38a8>:0x00007fa2804a1328>):
    1: <%= bootstrap_form_for(resource, 
    2:                        as: resource_name, 
    3:                        url: session_path(resource_name)) do |f| %>
    4: 
  
app/views/devise/sessions/new.html.erb:1:in `_app_views_devise_sessions_new_html_erb___1715853309011092434_20000'
Started GET "/users/sign_in" for 10.0.2.2 at 2020-12-18 03:58:02 +0000
Cannot render console from 10.0.2.2! Allowed networks: 127.0.0.1, ::1, 127.0.0.0/127.255.255.255
  [1m[35m (2.0ms)[0m  [1m[34mSELECT "schema_migrations"."version" FROM "schema_migrations" ORDER BY "schema_migrations"."version" ASC[0m
  ↳ /home/vagrant/.rbenv/versions/2.7.1/lib/ruby/gems/2.7.0/gems/activerecord-5.2.4.4/lib/active_record/log_subscriber.rb:98
Processing by Devise::SessionsController#new as HTML
  Rendering devise/sessions/new.html.erb within layouts/application
  Rendered devise/sessions/new.html.erb within layouts/application (515.8ms)
  Rendered layouts/_navbar.html.erb (0.7ms)
Completed 200 OK in 8610ms (Views: 8573.8ms | ActiveRecord: 7.0ms)


Started GET "/users/sign_in" for 10.0.2.2 at 2020-12-18 03:58:55 +0000
Cannot render console from 10.0.2.2! Allowed networks: 127.0.0.1, ::1, 127.0.0.0/127.255.255.255
Processing by Devise::SessionsController#new as HTML
  Rendering devise/sessions/new.html.erb within layouts/application
  Rendered devise/sessions/new.html.erb within layouts/application (3.8ms)
  Rendered layouts/_navbar.html.erb (1.1ms)
Completed 200 OK in 306ms (Views: 304.3ms | ActiveRecord: 0.0ms)


